{"/home/noli/bootcamp/collab/skylab-bootcamp-201909/staff/noli-pascual/sky-call/sky-call-api/logic/agents-report/index.spec.js":{"path":"/home/noli/bootcamp/collab/skylab-bootcamp-201909/staff/noli-pascual/sky-call/sky-call-api/logic/agents-report/index.spec.js","statementMap":{"0":{"start":{"line":1,"column":0},"end":{"line":1,"column":26}},"1":{"start":{"line":2,"column":33},"end":{"line":2,"column":40}},"2":{"start":{"line":3,"column":19},"end":{"line":3,"column":34}},"3":{"start":{"line":4,"column":38},"end":{"line":4,"column":62}},"4":{"start":{"line":5,"column":21},"end":{"line":5,"column":33}},"5":{"start":{"line":6,"column":19},"end":{"line":6,"column":23}},"6":{"start":{"line":7,"column":74},"end":{"line":7,"column":98}},"7":{"start":{"line":9,"column":0},"end":{"line":194,"column":2}},"8":{"start":{"line":10,"column":4},"end":{"line":10,"column":47}},"9":{"start":{"line":10,"column":17},"end":{"line":10,"column":46}},"10":{"start":{"line":18,"column":4},"end":{"line":156,"column":6}},"11":{"start":{"line":21,"column":8},"end":{"line":21,"column":33}},"12":{"start":{"line":22,"column":8},"end":{"line":22,"column":39}},"13":{"start":{"line":23,"column":8},"end":{"line":23,"column":41}},"14":{"start":{"line":24,"column":8},"end":{"line":24,"column":41}},"15":{"start":{"line":25,"column":8},"end":{"line":25,"column":22}},"16":{"start":{"line":28,"column":8},"end":{"line":28,"column":34}},"17":{"start":{"line":29,"column":8},"end":{"line":29,"column":40}},"18":{"start":{"line":30,"column":8},"end":{"line":30,"column":42}},"19":{"start":{"line":31,"column":8},"end":{"line":31,"column":42}},"20":{"start":{"line":32,"column":8},"end":{"line":32,"column":23}},"21":{"start":{"line":35,"column":8},"end":{"line":35,"column":30}},"22":{"start":{"line":39,"column":8},"end":{"line":39,"column":45}},"23":{"start":{"line":40,"column":8},"end":{"line":40,"column":51}},"24":{"start":{"line":41,"column":8},"end":{"line":41,"column":31}},"25":{"start":{"line":42,"column":8},"end":{"line":42,"column":39}},"26":{"start":{"line":43,"column":8},"end":{"line":43,"column":20}},"27":{"start":{"line":44,"column":8},"end":{"line":44,"column":19}},"28":{"start":{"line":47,"column":8},"end":{"line":47,"column":31}},"29":{"start":{"line":48,"column":8},"end":{"line":48,"column":28}},"30":{"start":{"line":49,"column":8},"end":{"line":49,"column":23}},"31":{"start":{"line":51,"column":8},"end":{"line":51,"column":107}},"32":{"start":{"line":55,"column":22},"end":{"line":55,"column":54}},"33":{"start":{"line":56,"column":8},"end":{"line":56,"column":26}},"34":{"start":{"line":59,"column":8},"end":{"line":59,"column":99}},"35":{"start":{"line":61,"column":8},"end":{"line":61,"column":26}},"36":{"start":{"line":62,"column":8},"end":{"line":62,"column":25}},"37":{"start":{"line":65,"column":22},"end":{"line":65,"column":155}},"38":{"start":{"line":66,"column":8},"end":{"line":66,"column":26}},"39":{"start":{"line":69,"column":23},"end":{"line":69,"column":115}},"40":{"start":{"line":71,"column":8},"end":{"line":71,"column":28}},"41":{"start":{"line":78,"column":28},"end":{"line":78,"column":125}},"42":{"start":{"line":79,"column":28},"end":{"line":79,"column":125}},"43":{"start":{"line":80,"column":28},"end":{"line":80,"column":125}},"44":{"start":{"line":81,"column":28},"end":{"line":81,"column":125}},"45":{"start":{"line":82,"column":28},"end":{"line":82,"column":125}},"46":{"start":{"line":83,"column":28},"end":{"line":83,"column":125}},"47":{"start":{"line":85,"column":8},"end":{"line":85,"column":57}},"48":{"start":{"line":86,"column":8},"end":{"line":86,"column":57}},"49":{"start":{"line":87,"column":8},"end":{"line":87,"column":57}},"50":{"start":{"line":88,"column":8},"end":{"line":88,"column":57}},"51":{"start":{"line":89,"column":8},"end":{"line":89,"column":57}},"52":{"start":{"line":90,"column":8},"end":{"line":90,"column":57}},"53":{"start":{"line":91,"column":8},"end":{"line":91,"column":25}},"54":{"start":{"line":93,"column":23},"end":{"line":93,"column":118}},"55":{"start":{"line":94,"column":23},"end":{"line":94,"column":118}},"56":{"start":{"line":95,"column":23},"end":{"line":95,"column":118}},"57":{"start":{"line":96,"column":23},"end":{"line":96,"column":118}},"58":{"start":{"line":97,"column":23},"end":{"line":97,"column":118}},"59":{"start":{"line":98,"column":23},"end":{"line":98,"column":118}},"60":{"start":{"line":100,"column":8},"end":{"line":100,"column":52}},"61":{"start":{"line":101,"column":8},"end":{"line":101,"column":52}},"62":{"start":{"line":102,"column":8},"end":{"line":102,"column":52}},"63":{"start":{"line":103,"column":8},"end":{"line":103,"column":52}},"64":{"start":{"line":104,"column":8},"end":{"line":104,"column":52}},"65":{"start":{"line":105,"column":8},"end":{"line":105,"column":52}},"66":{"start":{"line":107,"column":8},"end":{"line":107,"column":25}},"67":{"start":{"line":111,"column":22},"end":{"line":111,"column":152}},"68":{"start":{"line":113,"column":8},"end":{"line":113,"column":27}},"69":{"start":{"line":116,"column":28},"end":{"line":116,"column":126}},"70":{"start":{"line":117,"column":28},"end":{"line":117,"column":126}},"71":{"start":{"line":118,"column":28},"end":{"line":118,"column":126}},"72":{"start":{"line":119,"column":29},"end":{"line":119,"column":127}},"73":{"start":{"line":120,"column":29},"end":{"line":120,"column":127}},"74":{"start":{"line":121,"column":29},"end":{"line":121,"column":127}},"75":{"start":{"line":123,"column":8},"end":{"line":123,"column":58}},"76":{"start":{"line":124,"column":8},"end":{"line":124,"column":58}},"77":{"start":{"line":125,"column":8},"end":{"line":125,"column":58}},"78":{"start":{"line":126,"column":8},"end":{"line":126,"column":59}},"79":{"start":{"line":127,"column":8},"end":{"line":127,"column":59}},"80":{"start":{"line":128,"column":8},"end":{"line":128,"column":59}},"81":{"start":{"line":129,"column":8},"end":{"line":129,"column":26}},"82":{"start":{"line":132,"column":23},"end":{"line":132,"column":119}},"83":{"start":{"line":133,"column":23},"end":{"line":133,"column":119}},"84":{"start":{"line":134,"column":23},"end":{"line":134,"column":119}},"85":{"start":{"line":135,"column":24},"end":{"line":135,"column":120}},"86":{"start":{"line":136,"column":24},"end":{"line":136,"column":120}},"87":{"start":{"line":137,"column":24},"end":{"line":137,"column":120}},"88":{"start":{"line":139,"column":8},"end":{"line":139,"column":53}},"89":{"start":{"line":140,"column":8},"end":{"line":140,"column":53}},"90":{"start":{"line":141,"column":8},"end":{"line":141,"column":53}},"91":{"start":{"line":142,"column":8},"end":{"line":142,"column":54}},"92":{"start":{"line":143,"column":8},"end":{"line":143,"column":54}},"93":{"start":{"line":144,"column":8},"end":{"line":144,"column":54}},"94":{"start":{"line":146,"column":8},"end":{"line":146,"column":26}},"95":{"start":{"line":148,"column":22},"end":{"line":148,"column":94}},"96":{"start":{"line":149,"column":22},"end":{"line":149,"column":93}},"97":{"start":{"line":151,"column":22},"end":{"line":151,"column":94}},"98":{"start":{"line":152,"column":22},"end":{"line":152,"column":93}},"99":{"start":{"line":154,"column":22},"end":{"line":154,"column":94}},"100":{"start":{"line":155,"column":22},"end":{"line":155,"column":93}},"101":{"start":{"line":158,"column":4},"end":{"line":175,"column":6}},"102":{"start":{"line":160,"column":23},"end":{"line":160,"column":50}},"103":{"start":{"line":162,"column":8},"end":{"line":173,"column":10}},"104":{"start":{"line":163,"column":12},"end":{"line":163,"column":39}},"105":{"start":{"line":164,"column":12},"end":{"line":164,"column":51}},"106":{"start":{"line":165,"column":12},"end":{"line":165,"column":57}},"107":{"start":{"line":167,"column":12},"end":{"line":167,"column":56}},"108":{"start":{"line":168,"column":12},"end":{"line":168,"column":53}},"109":{"start":{"line":169,"column":12},"end":{"line":169,"column":59}},"110":{"start":{"line":170,"column":12},"end":{"line":170,"column":64}},"111":{"start":{"line":193,"column":4},"end":{"line":193,"column":136}},"112":{"start":{"line":193,"column":16},"end":{"line":193,"column":135}}},"fnMap":{"0":{"name":"(anonymous_0)","decl":{"start":{"line":9,"column":34},"end":{"line":9,"column":35}},"loc":{"start":{"line":9,"column":40},"end":{"line":194,"column":1}},"line":9},"1":{"name":"(anonymous_1)","decl":{"start":{"line":10,"column":11},"end":{"line":10,"column":12}},"loc":{"start":{"line":10,"column":17},"end":{"line":10,"column":46}},"line":10},"2":{"name":"(anonymous_2)","decl":{"start":{"line":18,"column":15},"end":{"line":18,"column":16}},"loc":{"start":{"line":18,"column":27},"end":{"line":156,"column":5}},"line":18},"3":{"name":"(anonymous_3)","decl":{"start":{"line":158,"column":44},"end":{"line":158,"column":45}},"loc":{"start":{"line":158,"column":56},"end":{"line":175,"column":5}},"line":158},"4":{"name":"(anonymous_4)","decl":{"start":{"line":162,"column":23},"end":{"line":162,"column":24}},"loc":{"start":{"line":162,"column":32},"end":{"line":173,"column":9}},"line":162},"5":{"name":"(anonymous_5)","decl":{"start":{"line":193,"column":10},"end":{"line":193,"column":11}},"loc":{"start":{"line":193,"column":16},"end":{"line":193,"column":135}},"line":193}},"branchMap":{},"s":{"0":1,"1":1,"2":1,"3":1,"4":1,"5":1,"6":1,"7":1,"8":1,"9":1,"10":1,"11":1,"12":1,"13":1,"14":1,"15":1,"16":1,"17":1,"18":1,"19":1,"20":1,"21":1,"22":1,"23":1,"24":1,"25":1,"26":1,"27":1,"28":1,"29":1,"30":1,"31":1,"32":1,"33":1,"34":1,"35":1,"36":1,"37":1,"38":1,"39":1,"40":1,"41":1,"42":1,"43":1,"44":1,"45":1,"46":1,"47":1,"48":1,"49":1,"50":1,"51":1,"52":1,"53":1,"54":1,"55":1,"56":1,"57":1,"58":1,"59":1,"60":1,"61":1,"62":1,"63":1,"64":1,"65":1,"66":1,"67":1,"68":1,"69":1,"70":1,"71":1,"72":1,"73":1,"74":1,"75":1,"76":1,"77":1,"78":1,"79":1,"80":1,"81":1,"82":1,"83":1,"84":1,"85":1,"86":1,"87":1,"88":1,"89":1,"90":1,"91":1,"92":1,"93":1,"94":1,"95":1,"96":1,"97":1,"98":1,"99":1,"100":1,"101":1,"102":1,"103":1,"104":2,"105":2,"106":2,"107":2,"108":2,"109":2,"110":2,"111":1,"112":1},"f":{"0":1,"1":1,"2":1,"3":1,"4":2,"5":1},"b":{},"_coverageSchema":"43e27e138ebf9cfc5966b082cf9a028302ed4184","hash":"2843f80a03b179626af88880e7bccc20d65f002a","contentHash":"c096e4147a8e210a30afc69b8c4afa50414e0664f7094e00fc00a8dc02334b18"},"/home/noli/bootcamp/collab/skylab-bootcamp-201909/staff/noli-pascual/sky-call/sky-call-api/logic/agents-report/index.js":{"path":"/home/noli/bootcamp/collab/skylab-bootcamp-201909/staff/noli-pascual/sky-call/sky-call-api/logic/agents-report/index.js","statementMap":{"0":{"start":{"line":1,"column":48},"end":{"line":1,"column":72}},"1":{"start":{"line":2,"column":43},"end":{"line":2,"column":67}},"2":{"start":{"line":4,"column":0},"end":{"line":46,"column":1}},"3":{"start":{"line":6,"column":4},"end":{"line":45,"column":8}},"4":{"start":{"line":8,"column":8},"end":{"line":8,"column":32}},"5":{"start":{"line":9,"column":8},"end":{"line":9,"column":51}},"6":{"start":{"line":11,"column":8},"end":{"line":11,"column":94}},"7":{"start":{"line":11,"column":40},"end":{"line":11,"column":94}},"8":{"start":{"line":13,"column":22},"end":{"line":13,"column":44}},"9":{"start":{"line":15,"column":8},"end":{"line":15,"column":85}},"10":{"start":{"line":15,"column":19},"end":{"line":15,"column":85}},"11":{"start":{"line":19,"column":23},"end":{"line":19,"column":55}},"12":{"start":{"line":22,"column":8},"end":{"line":22,"column":67}},"13":{"start":{"line":22,"column":32},"end":{"line":22,"column":67}},"14":{"start":{"line":24,"column":27},"end":{"line":41,"column":9}},"15":{"start":{"line":25,"column":26},"end":{"line":25,"column":70}},"16":{"start":{"line":26,"column":12},"end":{"line":26,"column":90}},"17":{"start":{"line":27,"column":12},"end":{"line":36,"column":13}},"18":{"start":{"line":38,"column":12},"end":{"line":38,"column":24}},"19":{"start":{"line":42,"column":8},"end":{"line":42,"column":67}},"20":{"start":{"line":42,"column":34},"end":{"line":42,"column":66}},"21":{"start":{"line":43,"column":8},"end":{"line":43,"column":25}}},"fnMap":{"0":{"name":"(anonymous_0)","decl":{"start":{"line":4,"column":17},"end":{"line":4,"column":18}},"loc":{"start":{"line":4,"column":36},"end":{"line":46,"column":1}},"line":4},"1":{"name":"(anonymous_1)","decl":{"start":{"line":6,"column":12},"end":{"line":6,"column":13}},"loc":{"start":{"line":6,"column":24},"end":{"line":45,"column":5}},"line":6},"2":{"name":"(anonymous_2)","decl":{"start":{"line":24,"column":57},"end":{"line":24,"column":58}},"loc":{"start":{"line":24,"column":72},"end":{"line":40,"column":9}},"line":24},"3":{"name":"(anonymous_3)","decl":{"start":{"line":42,"column":24},"end":{"line":42,"column":25}},"loc":{"start":{"line":42,"column":34},"end":{"line":42,"column":66}},"line":42}},"branchMap":{"0":{"loc":{"start":{"line":11,"column":8},"end":{"line":11,"column":94}},"type":"if","locations":[{"start":{"line":11,"column":8},"end":{"line":11,"column":94}},{"start":{"line":11,"column":8},"end":{"line":11,"column":94}}],"line":11},"1":{"loc":{"start":{"line":15,"column":8},"end":{"line":15,"column":85}},"type":"if","locations":[{"start":{"line":15,"column":8},"end":{"line":15,"column":85}},{"start":{"line":15,"column":8},"end":{"line":15,"column":85}}],"line":15},"2":{"loc":{"start":{"line":22,"column":8},"end":{"line":22,"column":67}},"type":"if","locations":[{"start":{"line":22,"column":8},"end":{"line":22,"column":67}},{"start":{"line":22,"column":8},"end":{"line":22,"column":67}}],"line":22},"3":{"loc":{"start":{"line":42,"column":34},"end":{"line":42,"column":66}},"type":"cond-expr","locations":[{"start":{"line":42,"column":60},"end":{"line":42,"column":61}},{"start":{"line":42,"column":64},"end":{"line":42,"column":66}}],"line":42}},"s":{"0":1,"1":1,"2":1,"3":1,"4":1,"5":1,"6":1,"7":0,"8":1,"9":1,"10":0,"11":1,"12":1,"13":0,"14":1,"15":2,"16":2,"17":2,"18":2,"19":1,"20":1,"21":1},"f":{"0":1,"1":1,"2":2,"3":1},"b":{"0":[0,1],"1":[0,1],"2":[0,1],"3":[0,1]},"_coverageSchema":"43e27e138ebf9cfc5966b082cf9a028302ed4184","hash":"4b83badd726ded7e44d37fe1ac21a6542c2a9ab6","contentHash":"2e672e53c66f9431ebdcad737d6763519b53e0fb5ccbbfa1cd04e1b5c7bb4d94"},"/home/noli/bootcamp/collab/skylab-bootcamp-201909/staff/noli-pascual/sky-call/sky-call-api/logic/authenticate-user/index.spec.js":{"path":"/home/noli/bootcamp/collab/skylab-bootcamp-201909/staff/noli-pascual/sky-call/sky-call-api/logic/authenticate-user/index.spec.js","statementMap":{"0":{"start":{"line":1,"column":0},"end":{"line":1,"column":26}},"1":{"start":{"line":2,"column":33},"end":{"line":2,"column":40}},"2":{"start":{"line":3,"column":19},"end":{"line":3,"column":34}},"3":{"start":{"line":4,"column":25},"end":{"line":4,"column":37}},"4":{"start":{"line":5,"column":19},"end":{"line":5,"column":23}},"5":{"start":{"line":6,"column":55},"end":{"line":6,"column":79}},"6":{"start":{"line":7,"column":39},"end":{"line":7,"column":63}},"7":{"start":{"line":9,"column":0},"end":{"line":97,"column":2}},"8":{"start":{"line":10,"column":4},"end":{"line":10,"column":47}},"9":{"start":{"line":10,"column":17},"end":{"line":10,"column":46}},"10":{"start":{"line":14,"column":4},"end":{"line":26,"column":6}},"11":{"start":{"line":15,"column":8},"end":{"line":15,"column":33}},"12":{"start":{"line":16,"column":8},"end":{"line":16,"column":39}},"13":{"start":{"line":17,"column":8},"end":{"line":17,"column":41}},"14":{"start":{"line":18,"column":8},"end":{"line":18,"column":41}},"15":{"start":{"line":19,"column":8},"end":{"line":19,"column":22}},"16":{"start":{"line":21,"column":8},"end":{"line":21,"column":31}},"17":{"start":{"line":23,"column":21},"end":{"line":23,"column":82}},"18":{"start":{"line":25,"column":8},"end":{"line":25,"column":20}},"19":{"start":{"line":28,"column":4},"end":{"line":36,"column":6}},"20":{"start":{"line":29,"column":23},"end":{"line":29,"column":65}},"21":{"start":{"line":31,"column":8},"end":{"line":31,"column":31}},"22":{"start":{"line":32,"column":8},"end":{"line":32,"column":48}},"23":{"start":{"line":33,"column":8},"end":{"line":33,"column":50}},"24":{"start":{"line":35,"column":8},"end":{"line":35,"column":35}},"25":{"start":{"line":38,"column":4},"end":{"line":70,"column":6}},"26":{"start":{"line":39,"column":8},"end":{"line":53,"column":10}},"27":{"start":{"line":40,"column":29},"end":{"line":40,"column":36}},"28":{"start":{"line":42,"column":12},"end":{"line":52,"column":13}},"29":{"start":{"line":43,"column":16},"end":{"line":43,"column":58}},"30":{"start":{"line":45,"column":16},"end":{"line":45,"column":62}},"31":{"start":{"line":47,"column":16},"end":{"line":47,"column":38}},"32":{"start":{"line":48,"column":16},"end":{"line":48,"column":67}},"33":{"start":{"line":50,"column":36},"end":{"line":50,"column":41}},"34":{"start":{"line":51,"column":16},"end":{"line":51,"column":61}},"35":{"start":{"line":55,"column":8},"end":{"line":69,"column":10}},"36":{"start":{"line":56,"column":29},"end":{"line":56,"column":36}},"37":{"start":{"line":58,"column":12},"end":{"line":68,"column":13}},"38":{"start":{"line":59,"column":16},"end":{"line":59,"column":58}},"39":{"start":{"line":61,"column":16},"end":{"line":61,"column":62}},"40":{"start":{"line":63,"column":16},"end":{"line":63,"column":38}},"41":{"start":{"line":64,"column":16},"end":{"line":64,"column":67}},"42":{"start":{"line":66,"column":36},"end":{"line":66,"column":41}},"43":{"start":{"line":67,"column":16},"end":{"line":67,"column":61}},"44":{"start":{"line":96,"column":4},"end":{"line":96,"column":60}},"45":{"start":{"line":96,"column":16},"end":{"line":96,"column":59}}},"fnMap":{"0":{"name":"(anonymous_0)","decl":{"start":{"line":9,"column":38},"end":{"line":9,"column":39}},"loc":{"start":{"line":9,"column":44},"end":{"line":97,"column":1}},"line":9},"1":{"name":"(anonymous_1)","decl":{"start":{"line":10,"column":11},"end":{"line":10,"column":12}},"loc":{"start":{"line":10,"column":17},"end":{"line":10,"column":46}},"line":10},"2":{"name":"(anonymous_2)","decl":{"start":{"line":14,"column":15},"end":{"line":14,"column":16}},"loc":{"start":{"line":14,"column":27},"end":{"line":26,"column":5}},"line":14},"3":{"name":"(anonymous_3)","decl":{"start":{"line":28,"column":48},"end":{"line":28,"column":49}},"loc":{"start":{"line":28,"column":60},"end":{"line":36,"column":5}},"line":28},"4":{"name":"(anonymous_4)","decl":{"start":{"line":38,"column":39},"end":{"line":38,"column":40}},"loc":{"start":{"line":38,"column":45},"end":{"line":70,"column":5}},"line":38},"5":{"name":"(anonymous_5)","decl":{"start":{"line":39,"column":44},"end":{"line":39,"column":45}},"loc":{"start":{"line":39,"column":56},"end":{"line":53,"column":9}},"line":39},"6":{"name":"(anonymous_6)","decl":{"start":{"line":55,"column":44},"end":{"line":55,"column":45}},"loc":{"start":{"line":55,"column":56},"end":{"line":69,"column":9}},"line":55},"7":{"name":"(anonymous_7)","decl":{"start":{"line":96,"column":10},"end":{"line":96,"column":11}},"loc":{"start":{"line":96,"column":16},"end":{"line":96,"column":59}},"line":96}},"branchMap":{},"s":{"0":1,"1":1,"2":1,"3":1,"4":1,"5":1,"6":1,"7":1,"8":1,"9":1,"10":1,"11":3,"12":3,"13":3,"14":3,"15":3,"16":3,"17":3,"18":3,"19":1,"20":1,"21":1,"22":1,"23":1,"24":1,"25":1,"26":1,"27":1,"28":1,"29":1,"30":0,"31":1,"32":1,"33":1,"34":1,"35":1,"36":1,"37":1,"38":1,"39":0,"40":1,"41":1,"42":1,"43":1,"44":1,"45":1},"f":{"0":1,"1":1,"2":3,"3":1,"4":1,"5":1,"6":1,"7":1},"b":{},"_coverageSchema":"43e27e138ebf9cfc5966b082cf9a028302ed4184","hash":"9e73daf67e446d3ec0b9208d1258f6ea9c523d08","contentHash":"83daed395191491103d521fe546e12b72dbdb8a8997b4d7495b3947a72e6c66a"},"/home/noli/bootcamp/collab/skylab-bootcamp-201909/staff/noli-pascual/sky-call/sky-call-api/logic/authenticate-user/index.js":{"path":"/home/noli/bootcamp/collab/skylab-bootcamp-201909/staff/noli-pascual/sky-call/sky-call-api/logic/authenticate-user/index.js","statementMap":{"0":{"start":{"line":1,"column":51},"end":{"line":1,"column":75}},"1":{"start":{"line":2,"column":29},"end":{"line":2,"column":53}},"2":{"start":{"line":4,"column":0},"end":{"line":23,"column":1}},"3":{"start":{"line":6,"column":4},"end":{"line":6,"column":29}},"4":{"start":{"line":7,"column":4},"end":{"line":7,"column":49}},"5":{"start":{"line":8,"column":4},"end":{"line":8,"column":29}},"6":{"start":{"line":9,"column":4},"end":{"line":9,"column":49}},"7":{"start":{"line":11,"column":4},"end":{"line":22,"column":8}},"8":{"start":{"line":12,"column":8},"end":{"line":12,"column":29}},"9":{"start":{"line":13,"column":21},"end":{"line":13,"column":63}},"10":{"start":{"line":15,"column":8},"end":{"line":15,"column":66}},"11":{"start":{"line":15,"column":19},"end":{"line":15,"column":66}},"12":{"start":{"line":19,"column":8},"end":{"line":19,"column":25}},"13":{"start":{"line":21,"column":8},"end":{"line":21,"column":22}}},"fnMap":{"0":{"name":"(anonymous_0)","decl":{"start":{"line":4,"column":17},"end":{"line":4,"column":18}},"loc":{"start":{"line":4,"column":47},"end":{"line":23,"column":1}},"line":4},"1":{"name":"(anonymous_1)","decl":{"start":{"line":11,"column":12},"end":{"line":11,"column":13}},"loc":{"start":{"line":11,"column":24},"end":{"line":22,"column":5}},"line":11}},"branchMap":{"0":{"loc":{"start":{"line":15,"column":8},"end":{"line":15,"column":66}},"type":"if","locations":[{"start":{"line":15,"column":8},"end":{"line":15,"column":66}},{"start":{"line":15,"column":8},"end":{"line":15,"column":66}}],"line":15}},"s":{"0":1,"1":1,"2":1,"3":3,"4":3,"5":3,"6":3,"7":3,"8":3,"9":3,"10":3,"11":2,"12":1,"13":1},"f":{"0":3,"1":3},"b":{"0":[2,1]},"_coverageSchema":"43e27e138ebf9cfc5966b082cf9a028302ed4184","hash":"66eadb0486e33731083a52c3b0c84a841497fda5","contentHash":"1edd7b3aefb4a80524b85986b75e5907072174ffa56b3aa29dd3a423e071be9c"},"/home/noli/bootcamp/collab/skylab-bootcamp-201909/staff/noli-pascual/sky-call/sky-call-api/logic/calls-report/index.spec.js":{"path":"/home/noli/bootcamp/collab/skylab-bootcamp-201909/staff/noli-pascual/sky-call/sky-call-api/logic/calls-report/index.spec.js","statementMap":{"0":{"start":{"line":1,"column":0},"end":{"line":1,"column":26}},"1":{"start":{"line":2,"column":33},"end":{"line":2,"column":40}},"2":{"start":{"line":3,"column":19},"end":{"line":3,"column":34}},"3":{"start":{"line":4,"column":19},"end":{"line":4,"column":23}},"4":{"start":{"line":5,"column":20},"end":{"line":5,"column":32}},"5":{"start":{"line":6,"column":38},"end":{"line":6,"column":62}},"6":{"start":{"line":7,"column":60},"end":{"line":7,"column":84}},"7":{"start":{"line":9,"column":0},"end":{"line":118,"column":2}},"8":{"start":{"line":10,"column":4},"end":{"line":10,"column":47}},"9":{"start":{"line":10,"column":17},"end":{"line":10,"column":46}},"10":{"start":{"line":18,"column":4},"end":{"line":76,"column":6}},"11":{"start":{"line":21,"column":8},"end":{"line":21,"column":33}},"12":{"start":{"line":22,"column":8},"end":{"line":22,"column":39}},"13":{"start":{"line":23,"column":8},"end":{"line":23,"column":41}},"14":{"start":{"line":24,"column":8},"end":{"line":24,"column":41}},"15":{"start":{"line":25,"column":8},"end":{"line":25,"column":22}},"16":{"start":{"line":28,"column":8},"end":{"line":28,"column":38}},"17":{"start":{"line":29,"column":8},"end":{"line":29,"column":44}},"18":{"start":{"line":30,"column":8},"end":{"line":30,"column":46}},"19":{"start":{"line":31,"column":8},"end":{"line":31,"column":46}},"20":{"start":{"line":32,"column":8},"end":{"line":32,"column":27}},"21":{"start":{"line":35,"column":8},"end":{"line":35,"column":30}},"22":{"start":{"line":39,"column":8},"end":{"line":39,"column":45}},"23":{"start":{"line":40,"column":8},"end":{"line":40,"column":51}},"24":{"start":{"line":41,"column":8},"end":{"line":41,"column":31}},"25":{"start":{"line":43,"column":8},"end":{"line":43,"column":39}},"26":{"start":{"line":44,"column":8},"end":{"line":44,"column":20}},"27":{"start":{"line":45,"column":8},"end":{"line":45,"column":19}},"28":{"start":{"line":47,"column":8},"end":{"line":47,"column":106}},"29":{"start":{"line":49,"column":22},"end":{"line":49,"column":54}},"30":{"start":{"line":50,"column":8},"end":{"line":50,"column":26}},"31":{"start":{"line":52,"column":21},"end":{"line":52,"column":83}},"32":{"start":{"line":53,"column":8},"end":{"line":53,"column":25}},"33":{"start":{"line":54,"column":8},"end":{"line":54,"column":20}},"34":{"start":{"line":55,"column":8},"end":{"line":55,"column":26}},"35":{"start":{"line":57,"column":22},"end":{"line":57,"column":150}},"36":{"start":{"line":58,"column":8},"end":{"line":58,"column":26}},"37":{"start":{"line":60,"column":23},"end":{"line":60,"column":123}},"38":{"start":{"line":62,"column":8},"end":{"line":62,"column":28}},"39":{"start":{"line":64,"column":21},"end":{"line":64,"column":127}},"40":{"start":{"line":65,"column":8},"end":{"line":65,"column":24}},"41":{"start":{"line":67,"column":8},"end":{"line":67,"column":122}},"42":{"start":{"line":68,"column":8},"end":{"line":68,"column":26}},"43":{"start":{"line":70,"column":8},"end":{"line":70,"column":122}},"44":{"start":{"line":71,"column":8},"end":{"line":71,"column":26}},"45":{"start":{"line":73,"column":8},"end":{"line":73,"column":122}},"46":{"start":{"line":74,"column":8},"end":{"line":74,"column":26}},"47":{"start":{"line":78,"column":4},"end":{"line":97,"column":6}},"48":{"start":{"line":81,"column":28},"end":{"line":81,"column":54}},"49":{"start":{"line":83,"column":8},"end":{"line":83,"column":36}},"50":{"start":{"line":84,"column":8},"end":{"line":84,"column":45}},"51":{"start":{"line":87,"column":20},"end":{"line":87,"column":47}},"52":{"start":{"line":90,"column":8},"end":{"line":90,"column":40}},"53":{"start":{"line":91,"column":8},"end":{"line":91,"column":40}},"54":{"start":{"line":92,"column":8},"end":{"line":92,"column":40}},"55":{"start":{"line":99,"column":4},"end":{"line":113,"column":6}},"56":{"start":{"line":100,"column":29},"end":{"line":100,"column":43}},"57":{"start":{"line":102,"column":8},"end":{"line":112,"column":9}},"58":{"start":{"line":103,"column":12},"end":{"line":103,"column":43}},"59":{"start":{"line":105,"column":12},"end":{"line":105,"column":54}},"60":{"start":{"line":109,"column":12},"end":{"line":109,"column":34}},"61":{"start":{"line":110,"column":12},"end":{"line":110,"column":60}},"62":{"start":{"line":111,"column":12},"end":{"line":111,"column":84}},"63":{"start":{"line":117,"column":4},"end":{"line":117,"column":135}},"64":{"start":{"line":117,"column":16},"end":{"line":117,"column":134}}},"fnMap":{"0":{"name":"(anonymous_0)","decl":{"start":{"line":9,"column":33},"end":{"line":9,"column":34}},"loc":{"start":{"line":9,"column":39},"end":{"line":118,"column":1}},"line":9},"1":{"name":"(anonymous_1)","decl":{"start":{"line":10,"column":11},"end":{"line":10,"column":12}},"loc":{"start":{"line":10,"column":17},"end":{"line":10,"column":46}},"line":10},"2":{"name":"(anonymous_2)","decl":{"start":{"line":18,"column":15},"end":{"line":18,"column":16}},"loc":{"start":{"line":18,"column":27},"end":{"line":76,"column":5}},"line":18},"3":{"name":"(anonymous_3)","decl":{"start":{"line":78,"column":57},"end":{"line":78,"column":58}},"loc":{"start":{"line":78,"column":69},"end":{"line":97,"column":5}},"line":78},"4":{"name":"(anonymous_4)","decl":{"start":{"line":99,"column":40},"end":{"line":99,"column":41}},"loc":{"start":{"line":99,"column":52},"end":{"line":113,"column":5}},"line":99},"5":{"name":"(anonymous_5)","decl":{"start":{"line":117,"column":10},"end":{"line":117,"column":11}},"loc":{"start":{"line":117,"column":16},"end":{"line":117,"column":134}},"line":117}},"branchMap":{},"s":{"0":1,"1":1,"2":1,"3":1,"4":1,"5":1,"6":1,"7":1,"8":1,"9":1,"10":1,"11":2,"12":2,"13":2,"14":2,"15":2,"16":2,"17":2,"18":2,"19":2,"20":2,"21":2,"22":2,"23":2,"24":2,"25":2,"26":2,"27":2,"28":2,"29":2,"30":2,"31":2,"32":2,"33":2,"34":2,"35":2,"36":2,"37":2,"38":2,"39":2,"40":2,"41":2,"42":2,"43":2,"44":2,"45":2,"46":2,"47":1,"48":1,"49":1,"50":1,"51":1,"52":1,"53":1,"54":1,"55":1,"56":1,"57":1,"58":1,"59":0,"60":1,"61":1,"62":1,"63":1,"64":1},"f":{"0":1,"1":1,"2":2,"3":1,"4":1,"5":1},"b":{},"_coverageSchema":"43e27e138ebf9cfc5966b082cf9a028302ed4184","hash":"55b43cccac92654eeb14b5d204776dbaa396548c","contentHash":"deb0efff354edf5ed1ea59af603db24fcd05686a8af8daf0176c8d793f3bc679"},"/home/noli/bootcamp/collab/skylab-bootcamp-201909/staff/noli-pascual/sky-call/sky-call-api/logic/calls-report/index.js":{"path":"/home/noli/bootcamp/collab/skylab-bootcamp-201909/staff/noli-pascual/sky-call/sky-call-api/logic/calls-report/index.js","statementMap":{"0":{"start":{"line":1,"column":77},"end":{"line":1,"column":101}},"1":{"start":{"line":2,"column":52},"end":{"line":2,"column":76}},"2":{"start":{"line":4,"column":0},"end":{"line":40,"column":1}},"3":{"start":{"line":6,"column":4},"end":{"line":6,"column":28}},"4":{"start":{"line":7,"column":4},"end":{"line":7,"column":47}},"5":{"start":{"line":9,"column":4},"end":{"line":9,"column":90}},"6":{"start":{"line":9,"column":36},"end":{"line":9,"column":90}},"7":{"start":{"line":11,"column":4},"end":{"line":39,"column":8}},"8":{"start":{"line":13,"column":19},"end":{"line":13,"column":47}},"9":{"start":{"line":15,"column":8},"end":{"line":15,"column":79}},"10":{"start":{"line":15,"column":19},"end":{"line":15,"column":79}},"11":{"start":{"line":17,"column":8},"end":{"line":17,"column":100}},"12":{"start":{"line":17,"column":35},"end":{"line":17,"column":100}},"13":{"start":{"line":19,"column":22},"end":{"line":19,"column":89}},"14":{"start":{"line":22,"column":26},"end":{"line":22,"column":28}},"15":{"start":{"line":24,"column":8},"end":{"line":34,"column":10}},"16":{"start":{"line":26,"column":66},"end":{"line":26,"column":70}},"17":{"start":{"line":28,"column":12},"end":{"line":28,"column":50}},"18":{"start":{"line":29,"column":12},"end":{"line":30,"column":31}},"19":{"start":{"line":29,"column":24},"end":{"line":29,"column":39}},"20":{"start":{"line":30,"column":17},"end":{"line":30,"column":31}},"21":{"start":{"line":33,"column":12},"end":{"line":33,"column":87}},"22":{"start":{"line":37,"column":8},"end":{"line":37,"column":24}}},"fnMap":{"0":{"name":"(anonymous_0)","decl":{"start":{"line":4,"column":17},"end":{"line":4,"column":18}},"loc":{"start":{"line":4,"column":36},"end":{"line":40,"column":1}},"line":4},"1":{"name":"(anonymous_1)","decl":{"start":{"line":11,"column":12},"end":{"line":11,"column":13}},"loc":{"start":{"line":11,"column":24},"end":{"line":39,"column":5}},"line":11},"2":{"name":"(anonymous_2)","decl":{"start":{"line":24,"column":18},"end":{"line":24,"column":19}},"loc":{"start":{"line":24,"column":26},"end":{"line":34,"column":9}},"line":24}},"branchMap":{"0":{"loc":{"start":{"line":9,"column":4},"end":{"line":9,"column":90}},"type":"if","locations":[{"start":{"line":9,"column":4},"end":{"line":9,"column":90}},{"start":{"line":9,"column":4},"end":{"line":9,"column":90}}],"line":9},"1":{"loc":{"start":{"line":15,"column":8},"end":{"line":15,"column":79}},"type":"if","locations":[{"start":{"line":15,"column":8},"end":{"line":15,"column":79}},{"start":{"line":15,"column":8},"end":{"line":15,"column":79}}],"line":15},"2":{"loc":{"start":{"line":17,"column":8},"end":{"line":17,"column":100}},"type":"if","locations":[{"start":{"line":17,"column":8},"end":{"line":17,"column":100}},{"start":{"line":17,"column":8},"end":{"line":17,"column":100}}],"line":17},"3":{"loc":{"start":{"line":29,"column":12},"end":{"line":30,"column":31}},"type":"if","locations":[{"start":{"line":29,"column":12},"end":{"line":30,"column":31}},{"start":{"line":29,"column":12},"end":{"line":30,"column":31}}],"line":29}},"s":{"0":1,"1":1,"2":1,"3":2,"4":2,"5":2,"6":0,"7":2,"8":2,"9":2,"10":1,"11":1,"12":0,"13":1,"14":1,"15":1,"16":4,"17":4,"18":4,"19":4,"20":0,"21":4,"22":1},"f":{"0":2,"1":2,"2":4},"b":{"0":[0,2],"1":[1,1],"2":[0,1],"3":[4,0]},"_coverageSchema":"43e27e138ebf9cfc5966b082cf9a028302ed4184","hash":"22ae156488ebb266ca61a8b8d634f7217845edb1","contentHash":"f4f6869b0169fe76f4ece5ec870947d240ec5006f77823c8aa3e50ec9074d297"},"/home/noli/bootcamp/collab/skylab-bootcamp-201909/staff/noli-pascual/sky-call/sky-call-api/logic/create-call/index.spec.js":{"path":"/home/noli/bootcamp/collab/skylab-bootcamp-201909/staff/noli-pascual/sky-call/sky-call-api/logic/create-call/index.spec.js","statementMap":{"0":{"start":{"line":1,"column":0},"end":{"line":1,"column":26}},"1":{"start":{"line":2,"column":33},"end":{"line":2,"column":40}},"2":{"start":{"line":3,"column":19},"end":{"line":3,"column":34}},"3":{"start":{"line":4,"column":19},"end":{"line":4,"column":31}},"4":{"start":{"line":5,"column":19},"end":{"line":5,"column":23}},"5":{"start":{"line":6,"column":37},"end":{"line":6,"column":61}},"6":{"start":{"line":7,"column":60},"end":{"line":7,"column":84}},"7":{"start":{"line":9,"column":0},"end":{"line":71,"column":2}},"8":{"start":{"line":10,"column":4},"end":{"line":10,"column":47}},"9":{"start":{"line":10,"column":17},"end":{"line":10,"column":46}},"10":{"start":{"line":18,"column":4},"end":{"line":47,"column":6}},"11":{"start":{"line":19,"column":8},"end":{"line":19,"column":33}},"12":{"start":{"line":20,"column":8},"end":{"line":20,"column":39}},"13":{"start":{"line":21,"column":8},"end":{"line":21,"column":41}},"14":{"start":{"line":22,"column":8},"end":{"line":22,"column":41}},"15":{"start":{"line":23,"column":8},"end":{"line":23,"column":22}},"16":{"start":{"line":25,"column":8},"end":{"line":25,"column":41}},"17":{"start":{"line":27,"column":8},"end":{"line":27,"column":45}},"18":{"start":{"line":28,"column":8},"end":{"line":28,"column":51}},"19":{"start":{"line":29,"column":8},"end":{"line":29,"column":31}},"20":{"start":{"line":30,"column":8},"end":{"line":30,"column":39}},"21":{"start":{"line":36,"column":8},"end":{"line":36,"column":75}},"22":{"start":{"line":39,"column":21},"end":{"line":39,"column":83}},"23":{"start":{"line":40,"column":8},"end":{"line":40,"column":20}},"24":{"start":{"line":42,"column":23},"end":{"line":42,"column":116}},"25":{"start":{"line":43,"column":8},"end":{"line":43,"column":28}},"26":{"start":{"line":49,"column":4},"end":{"line":65,"column":6}},"27":{"start":{"line":51,"column":23},"end":{"line":51,"column":53}},"28":{"start":{"line":53,"column":8},"end":{"line":53,"column":31}},"29":{"start":{"line":55,"column":21},"end":{"line":55,"column":48}},"30":{"start":{"line":57,"column":8},"end":{"line":57,"column":29}},"31":{"start":{"line":58,"column":8},"end":{"line":58,"column":37}},"32":{"start":{"line":59,"column":8},"end":{"line":59,"column":51}},"33":{"start":{"line":60,"column":8},"end":{"line":60,"column":50}},"34":{"start":{"line":61,"column":8},"end":{"line":61,"column":57}},"35":{"start":{"line":62,"column":8},"end":{"line":62,"column":25}},"36":{"start":{"line":70,"column":4},"end":{"line":70,"column":115}},"37":{"start":{"line":70,"column":16},"end":{"line":70,"column":114}}},"fnMap":{"0":{"name":"(anonymous_0)","decl":{"start":{"line":9,"column":32},"end":{"line":9,"column":33}},"loc":{"start":{"line":9,"column":38},"end":{"line":71,"column":1}},"line":9},"1":{"name":"(anonymous_1)","decl":{"start":{"line":10,"column":11},"end":{"line":10,"column":12}},"loc":{"start":{"line":10,"column":17},"end":{"line":10,"column":46}},"line":10},"2":{"name":"(anonymous_2)","decl":{"start":{"line":18,"column":16},"end":{"line":18,"column":17}},"loc":{"start":{"line":18,"column":28},"end":{"line":47,"column":5}},"line":18},"3":{"name":"(anonymous_3)","decl":{"start":{"line":49,"column":48},"end":{"line":49,"column":49}},"loc":{"start":{"line":49,"column":60},"end":{"line":65,"column":5}},"line":49},"4":{"name":"(anonymous_4)","decl":{"start":{"line":70,"column":10},"end":{"line":70,"column":11}},"loc":{"start":{"line":70,"column":16},"end":{"line":70,"column":114}},"line":70}},"branchMap":{},"s":{"0":1,"1":1,"2":1,"3":1,"4":1,"5":1,"6":1,"7":1,"8":1,"9":1,"10":1,"11":1,"12":1,"13":1,"14":1,"15":1,"16":1,"17":1,"18":1,"19":1,"20":1,"21":1,"22":1,"23":1,"24":1,"25":1,"26":1,"27":1,"28":1,"29":1,"30":1,"31":1,"32":1,"33":1,"34":1,"35":1,"36":1,"37":1},"f":{"0":1,"1":1,"2":1,"3":1,"4":1},"b":{},"_coverageSchema":"43e27e138ebf9cfc5966b082cf9a028302ed4184","hash":"342543f759b9093d10703a24031c526b6393334a","contentHash":"48085d4aed0d8b1f2bb14a5a44854d5307994b21979e5f2ce3b677900efeaaa6"},"/home/noli/bootcamp/collab/skylab-bootcamp-201909/staff/noli-pascual/sky-call/sky-call-api/logic/create-call/index.js":{"path":"/home/noli/bootcamp/collab/skylab-bootcamp-201909/staff/noli-pascual/sky-call/sky-call-api/logic/create-call/index.js","statementMap":{"0":{"start":{"line":1,"column":48},"end":{"line":1,"column":72}},"1":{"start":{"line":2,"column":42},"end":{"line":2,"column":66}},"2":{"start":{"line":15,"column":0},"end":{"line":40,"column":1}},"3":{"start":{"line":17,"column":4},"end":{"line":17,"column":27}},"4":{"start":{"line":18,"column":4},"end":{"line":18,"column":45}},"5":{"start":{"line":19,"column":4},"end":{"line":19,"column":29}},"6":{"start":{"line":20,"column":4},"end":{"line":20,"column":49}},"7":{"start":{"line":23,"column":4},"end":{"line":39,"column":8}},"8":{"start":{"line":25,"column":19},"end":{"line":25,"column":46}},"9":{"start":{"line":27,"column":8},"end":{"line":27,"column":83}},"10":{"start":{"line":27,"column":19},"end":{"line":27,"column":83}},"11":{"start":{"line":29,"column":21},"end":{"line":29,"column":52}},"12":{"start":{"line":33,"column":21},"end":{"line":33,"column":112}},"13":{"start":{"line":34,"column":8},"end":{"line":34,"column":36}},"14":{"start":{"line":35,"column":8},"end":{"line":35,"column":27}},"15":{"start":{"line":37,"column":8},"end":{"line":37,"column":22}}},"fnMap":{"0":{"name":"(anonymous_0)","decl":{"start":{"line":15,"column":17},"end":{"line":15,"column":18}},"loc":{"start":{"line":15,"column":45},"end":{"line":40,"column":1}},"line":15},"1":{"name":"(anonymous_1)","decl":{"start":{"line":23,"column":12},"end":{"line":23,"column":13}},"loc":{"start":{"line":23,"column":24},"end":{"line":39,"column":5}},"line":23}},"branchMap":{"0":{"loc":{"start":{"line":27,"column":8},"end":{"line":27,"column":83}},"type":"if","locations":[{"start":{"line":27,"column":8},"end":{"line":27,"column":83}},{"start":{"line":27,"column":8},"end":{"line":27,"column":83}}],"line":27}},"s":{"0":1,"1":1,"2":1,"3":1,"4":1,"5":1,"6":1,"7":1,"8":1,"9":1,"10":0,"11":1,"12":1,"13":1,"14":1,"15":1},"f":{"0":1,"1":1},"b":{"0":[0,1]},"_coverageSchema":"43e27e138ebf9cfc5966b082cf9a028302ed4184","hash":"3555e02121ed088c8b14259fc63cddce35f0be26","contentHash":"333e02d1664f96c7f4e26bdcd4831bdd141ba55dca933f2eddff7aa7590e8a07"},"/home/noli/bootcamp/collab/skylab-bootcamp-201909/staff/noli-pascual/sky-call/sky-call-api/logic/create-client/index.spec.js":{"path":"/home/noli/bootcamp/collab/skylab-bootcamp-201909/staff/noli-pascual/sky-call/sky-call-api/logic/create-client/index.spec.js","statementMap":{"0":{"start":{"line":1,"column":0},"end":{"line":1,"column":26}},"1":{"start":{"line":2,"column":33},"end":{"line":2,"column":40}},"2":{"start":{"line":3,"column":19},"end":{"line":3,"column":34}},"3":{"start":{"line":4,"column":21},"end":{"line":4,"column":33}},"4":{"start":{"line":5,"column":19},"end":{"line":5,"column":23}},"5":{"start":{"line":6,"column":37},"end":{"line":6,"column":61}},"6":{"start":{"line":7,"column":54},"end":{"line":7,"column":78}},"7":{"start":{"line":9,"column":0},"end":{"line":72,"column":2}},"8":{"start":{"line":10,"column":4},"end":{"line":10,"column":47}},"9":{"start":{"line":10,"column":17},"end":{"line":10,"column":46}},"10":{"start":{"line":17,"column":4},"end":{"line":47,"column":6}},"11":{"start":{"line":18,"column":8},"end":{"line":18,"column":33}},"12":{"start":{"line":19,"column":8},"end":{"line":19,"column":39}},"13":{"start":{"line":20,"column":8},"end":{"line":20,"column":41}},"14":{"start":{"line":21,"column":8},"end":{"line":21,"column":41}},"15":{"start":{"line":22,"column":8},"end":{"line":22,"column":22}},"16":{"start":{"line":24,"column":8},"end":{"line":24,"column":41}},"17":{"start":{"line":26,"column":8},"end":{"line":26,"column":45}},"18":{"start":{"line":27,"column":8},"end":{"line":27,"column":51}},"19":{"start":{"line":28,"column":8},"end":{"line":28,"column":31}},"20":{"start":{"line":30,"column":8},"end":{"line":30,"column":39}},"21":{"start":{"line":31,"column":8},"end":{"line":31,"column":20}},"22":{"start":{"line":32,"column":8},"end":{"line":32,"column":19}},"23":{"start":{"line":37,"column":8},"end":{"line":37,"column":87}},"24":{"start":{"line":40,"column":21},"end":{"line":40,"column":83}},"25":{"start":{"line":41,"column":8},"end":{"line":41,"column":20}},"26":{"start":{"line":44,"column":22},"end":{"line":44,"column":62}},"27":{"start":{"line":45,"column":8},"end":{"line":45,"column":26}},"28":{"start":{"line":49,"column":4},"end":{"line":66,"column":6}},"29":{"start":{"line":51,"column":25},"end":{"line":51,"column":114}},"30":{"start":{"line":54,"column":31},"end":{"line":54,"column":64}},"31":{"start":{"line":56,"column":8},"end":{"line":56,"column":39}},"32":{"start":{"line":60,"column":8},"end":{"line":60,"column":62}},"33":{"start":{"line":61,"column":8},"end":{"line":61,"column":68}},"34":{"start":{"line":62,"column":8},"end":{"line":62,"column":48}},"35":{"start":{"line":63,"column":8},"end":{"line":63,"column":68}},"36":{"start":{"line":64,"column":8},"end":{"line":64,"column":56}},"37":{"start":{"line":71,"column":4},"end":{"line":71,"column":116}},"38":{"start":{"line":71,"column":16},"end":{"line":71,"column":115}}},"fnMap":{"0":{"name":"(anonymous_0)","decl":{"start":{"line":9,"column":33},"end":{"line":9,"column":34}},"loc":{"start":{"line":9,"column":39},"end":{"line":72,"column":1}},"line":9},"1":{"name":"(anonymous_1)","decl":{"start":{"line":10,"column":11},"end":{"line":10,"column":12}},"loc":{"start":{"line":10,"column":17},"end":{"line":10,"column":46}},"line":10},"2":{"name":"(anonymous_2)","decl":{"start":{"line":17,"column":16},"end":{"line":17,"column":17}},"loc":{"start":{"line":17,"column":28},"end":{"line":47,"column":5}},"line":17},"3":{"name":"(anonymous_3)","decl":{"start":{"line":49,"column":48},"end":{"line":49,"column":49}},"loc":{"start":{"line":49,"column":60},"end":{"line":66,"column":5}},"line":49},"4":{"name":"(anonymous_4)","decl":{"start":{"line":71,"column":10},"end":{"line":71,"column":11}},"loc":{"start":{"line":71,"column":16},"end":{"line":71,"column":115}},"line":71}},"branchMap":{},"s":{"0":1,"1":1,"2":1,"3":1,"4":1,"5":1,"6":1,"7":1,"8":1,"9":1,"10":1,"11":1,"12":1,"13":1,"14":1,"15":1,"16":1,"17":1,"18":1,"19":1,"20":1,"21":1,"22":1,"23":1,"24":1,"25":1,"26":1,"27":1,"28":1,"29":1,"30":1,"31":1,"32":1,"33":1,"34":1,"35":1,"36":1,"37":1,"38":1},"f":{"0":1,"1":1,"2":1,"3":1,"4":1},"b":{},"_coverageSchema":"43e27e138ebf9cfc5966b082cf9a028302ed4184","hash":"ccd07634d260e6ce30d79cc4fcc615eb1017a27e","contentHash":"bf32b4adafb0b4b04dc44f1901f079eac107bf54fd4a0797efd6af36a396237e"},"/home/noli/bootcamp/collab/skylab-bootcamp-201909/staff/noli-pascual/sky-call/sky-call-api/logic/create-client/index.js":{"path":"/home/noli/bootcamp/collab/skylab-bootcamp-201909/staff/noli-pascual/sky-call/sky-call-api/logic/create-client/index.js","statementMap":{"0":{"start":{"line":1,"column":48},"end":{"line":1,"column":72}},"1":{"start":{"line":2,"column":37},"end":{"line":2,"column":61}},"2":{"start":{"line":4,"column":0},"end":{"line":41,"column":1}},"3":{"start":{"line":17,"column":4},"end":{"line":17,"column":31}},"4":{"start":{"line":18,"column":4},"end":{"line":18,"column":53}},"5":{"start":{"line":19,"column":4},"end":{"line":19,"column":34}},"6":{"start":{"line":20,"column":4},"end":{"line":20,"column":59}},"7":{"start":{"line":21,"column":4},"end":{"line":21,"column":24}},"8":{"start":{"line":22,"column":4},"end":{"line":22,"column":39}},"9":{"start":{"line":23,"column":4},"end":{"line":23,"column":29}},"10":{"start":{"line":24,"column":4},"end":{"line":24,"column":49}},"11":{"start":{"line":25,"column":4},"end":{"line":25,"column":28}},"12":{"start":{"line":26,"column":4},"end":{"line":26,"column":47}},"13":{"start":{"line":29,"column":4},"end":{"line":40,"column":8}},"14":{"start":{"line":31,"column":19},"end":{"line":31,"column":47}},"15":{"start":{"line":33,"column":8},"end":{"line":33,"column":84}},"16":{"start":{"line":33,"column":19},"end":{"line":33,"column":84}},"17":{"start":{"line":36,"column":23},"end":{"line":36,"column":156}},"18":{"start":{"line":38,"column":8},"end":{"line":38,"column":24}}},"fnMap":{"0":{"name":"(anonymous_0)","decl":{"start":{"line":15,"column":0},"end":{"line":15,"column":1}},"loc":{"start":{"line":15,"column":70},"end":{"line":41,"column":1}},"line":15},"1":{"name":"(anonymous_1)","decl":{"start":{"line":29,"column":12},"end":{"line":29,"column":13}},"loc":{"start":{"line":29,"column":24},"end":{"line":40,"column":5}},"line":29}},"branchMap":{"0":{"loc":{"start":{"line":33,"column":8},"end":{"line":33,"column":84}},"type":"if","locations":[{"start":{"line":33,"column":8},"end":{"line":33,"column":84}},{"start":{"line":33,"column":8},"end":{"line":33,"column":84}}],"line":33}},"s":{"0":1,"1":1,"2":1,"3":1,"4":1,"5":1,"6":1,"7":1,"8":1,"9":1,"10":1,"11":1,"12":1,"13":1,"14":1,"15":1,"16":0,"17":1,"18":1},"f":{"0":1,"1":1},"b":{"0":[0,1]},"_coverageSchema":"43e27e138ebf9cfc5966b082cf9a028302ed4184","hash":"0efb6bbf31e4e7db1b8ce1b5c2ee6f7f1ed65c3e","contentHash":"88b4bbd838a1b9aa5d8d6a25d8730d7f95f21e9c622b1576d75eebb54644293a"},"/home/noli/bootcamp/collab/skylab-bootcamp-201909/staff/noli-pascual/sky-call/sky-call-api/logic/create-visit/index.spec.js":{"path":"/home/noli/bootcamp/collab/skylab-bootcamp-201909/staff/noli-pascual/sky-call/sky-call-api/logic/create-visit/index.spec.js","statementMap":{"0":{"start":{"line":1,"column":0},"end":{"line":1,"column":26}},"1":{"start":{"line":2,"column":33},"end":{"line":2,"column":40}},"2":{"start":{"line":3,"column":19},"end":{"line":3,"column":34}},"3":{"start":{"line":4,"column":20},"end":{"line":4,"column":32}},"4":{"start":{"line":5,"column":19},"end":{"line":5,"column":23}},"5":{"start":{"line":6,"column":68},"end":{"line":6,"column":92}},"6":{"start":{"line":8,"column":0},"end":{"line":85,"column":2}},"7":{"start":{"line":9,"column":4},"end":{"line":9,"column":47}},"8":{"start":{"line":9,"column":17},"end":{"line":9,"column":46}},"9":{"start":{"line":16,"column":4},"end":{"line":51,"column":6}},"10":{"start":{"line":18,"column":8},"end":{"line":18,"column":33}},"11":{"start":{"line":19,"column":8},"end":{"line":19,"column":39}},"12":{"start":{"line":20,"column":8},"end":{"line":20,"column":41}},"13":{"start":{"line":21,"column":8},"end":{"line":21,"column":41}},"14":{"start":{"line":22,"column":8},"end":{"line":22,"column":22}},"15":{"start":{"line":25,"column":8},"end":{"line":25,"column":41}},"16":{"start":{"line":28,"column":8},"end":{"line":28,"column":39}},"17":{"start":{"line":29,"column":8},"end":{"line":29,"column":45}},"18":{"start":{"line":30,"column":8},"end":{"line":30,"column":31}},"19":{"start":{"line":31,"column":8},"end":{"line":31,"column":39}},"20":{"start":{"line":32,"column":8},"end":{"line":32,"column":20}},"21":{"start":{"line":33,"column":8},"end":{"line":33,"column":19}},"22":{"start":{"line":36,"column":8},"end":{"line":36,"column":107}},"23":{"start":{"line":38,"column":21},"end":{"line":38,"column":105}},"24":{"start":{"line":40,"column":8},"end":{"line":40,"column":20}},"25":{"start":{"line":42,"column":8},"end":{"line":42,"column":20}},"26":{"start":{"line":44,"column":22},"end":{"line":44,"column":54}},"27":{"start":{"line":45,"column":8},"end":{"line":45,"column":26}},"28":{"start":{"line":47,"column":23},"end":{"line":47,"column":132}},"29":{"start":{"line":48,"column":8},"end":{"line":48,"column":28}},"30":{"start":{"line":53,"column":4},"end":{"line":80,"column":6}},"31":{"start":{"line":57,"column":24},"end":{"line":57,"column":34}},"32":{"start":{"line":59,"column":21},"end":{"line":59,"column":25}},"33":{"start":{"line":61,"column":28},"end":{"line":61,"column":78}},"34":{"start":{"line":63,"column":8},"end":{"line":63,"column":36}},"35":{"start":{"line":64,"column":8},"end":{"line":64,"column":45}},"36":{"start":{"line":66,"column":8},"end":{"line":66,"column":57}},"37":{"start":{"line":68,"column":22},"end":{"line":68,"column":55}},"38":{"start":{"line":70,"column":8},"end":{"line":70,"column":30}},"39":{"start":{"line":72,"column":8},"end":{"line":72,"column":50}},"40":{"start":{"line":73,"column":8},"end":{"line":73,"column":51}},"41":{"start":{"line":74,"column":8},"end":{"line":74,"column":56}},"42":{"start":{"line":75,"column":8},"end":{"line":75,"column":54}},"43":{"start":{"line":76,"column":8},"end":{"line":76,"column":43}},"44":{"start":{"line":77,"column":8},"end":{"line":77,"column":57}},"45":{"start":{"line":84,"column":4},"end":{"line":84,"column":136}},"46":{"start":{"line":84,"column":16},"end":{"line":84,"column":135}}},"fnMap":{"0":{"name":"(anonymous_0)","decl":{"start":{"line":8,"column":33},"end":{"line":8,"column":34}},"loc":{"start":{"line":8,"column":39},"end":{"line":85,"column":1}},"line":8},"1":{"name":"(anonymous_1)","decl":{"start":{"line":9,"column":11},"end":{"line":9,"column":12}},"loc":{"start":{"line":9,"column":17},"end":{"line":9,"column":46}},"line":9},"2":{"name":"(anonymous_2)","decl":{"start":{"line":16,"column":15},"end":{"line":16,"column":16}},"loc":{"start":{"line":16,"column":27},"end":{"line":51,"column":5}},"line":16},"3":{"name":"(anonymous_3)","decl":{"start":{"line":53,"column":56},"end":{"line":53,"column":57}},"loc":{"start":{"line":53,"column":68},"end":{"line":80,"column":5}},"line":53},"4":{"name":"(anonymous_4)","decl":{"start":{"line":84,"column":10},"end":{"line":84,"column":11}},"loc":{"start":{"line":84,"column":16},"end":{"line":84,"column":135}},"line":84}},"branchMap":{},"s":{"0":1,"1":1,"2":1,"3":1,"4":1,"5":1,"6":1,"7":1,"8":1,"9":1,"10":1,"11":1,"12":1,"13":1,"14":1,"15":1,"16":1,"17":1,"18":1,"19":1,"20":1,"21":1,"22":1,"23":1,"24":1,"25":1,"26":1,"27":1,"28":1,"29":1,"30":1,"31":1,"32":1,"33":1,"34":1,"35":1,"36":1,"37":1,"38":1,"39":1,"40":1,"41":1,"42":1,"43":1,"44":1,"45":1,"46":1},"f":{"0":1,"1":1,"2":1,"3":1,"4":1},"b":{},"_coverageSchema":"43e27e138ebf9cfc5966b082cf9a028302ed4184","hash":"ed546ac8330af38a0e44013b69813b23b6aab05d","contentHash":"9c0da6726edd2acbb6b8783448c038222af03264f97f42d0bdaaf03f25173e3e"},"/home/noli/bootcamp/collab/skylab-bootcamp-201909/staff/noli-pascual/sky-call/sky-call-api/logic/create-visit/index.js":{"path":"/home/noli/bootcamp/collab/skylab-bootcamp-201909/staff/noli-pascual/sky-call/sky-call-api/logic/create-visit/index.js","statementMap":{"0":{"start":{"line":1,"column":62},"end":{"line":1,"column":86}},"1":{"start":{"line":2,"column":54},"end":{"line":2,"column":78}},"2":{"start":{"line":15,"column":0},"end":{"line":60,"column":1}},"3":{"start":{"line":16,"column":4},"end":{"line":16,"column":27}},"4":{"start":{"line":17,"column":4},"end":{"line":17,"column":45}},"5":{"start":{"line":18,"column":4},"end":{"line":18,"column":29}},"6":{"start":{"line":19,"column":4},"end":{"line":19,"column":49}},"7":{"start":{"line":20,"column":4},"end":{"line":20,"column":32}},"8":{"start":{"line":21,"column":4},"end":{"line":21,"column":55}},"9":{"start":{"line":24,"column":4},"end":{"line":24,"column":88}},"10":{"start":{"line":24,"column":35},"end":{"line":24,"column":88}},"11":{"start":{"line":25,"column":4},"end":{"line":25,"column":92}},"12":{"start":{"line":25,"column":37},"end":{"line":25,"column":92}},"13":{"start":{"line":27,"column":4},"end":{"line":59,"column":8}},"14":{"start":{"line":28,"column":21},"end":{"line":28,"column":48}},"15":{"start":{"line":30,"column":8},"end":{"line":30,"column":77}},"16":{"start":{"line":30,"column":18},"end":{"line":30,"column":77}},"17":{"start":{"line":32,"column":31},"end":{"line":32,"column":62}},"18":{"start":{"line":34,"column":8},"end":{"line":34,"column":91}},"19":{"start":{"line":34,"column":28},"end":{"line":34,"column":91}},"20":{"start":{"line":36,"column":8},"end":{"line":36,"column":39}},"21":{"start":{"line":38,"column":22},"end":{"line":38,"column":99}},"22":{"start":{"line":43,"column":8},"end":{"line":50,"column":9}},"23":{"start":{"line":44,"column":24},"end":{"line":44,"column":65}},"24":{"start":{"line":45,"column":12},"end":{"line":45,"column":17}},"25":{"start":{"line":46,"column":24},"end":{"line":46,"column":62}},"26":{"start":{"line":47,"column":12},"end":{"line":47,"column":17}},"27":{"start":{"line":48,"column":26},"end":{"line":48,"column":67}},"28":{"start":{"line":49,"column":12},"end":{"line":49,"column":17}},"29":{"start":{"line":52,"column":8},"end":{"line":52,"column":25}},"30":{"start":{"line":54,"column":8},"end":{"line":54,"column":44}},"31":{"start":{"line":55,"column":8},"end":{"line":55,"column":35}},"32":{"start":{"line":57,"column":4},"end":{"line":57,"column":19}}},"fnMap":{"0":{"name":"(anonymous_0)","decl":{"start":{"line":15,"column":17},"end":{"line":15,"column":18}},"loc":{"start":{"line":15,"column":68},"end":{"line":60,"column":1}},"line":15},"1":{"name":"(anonymous_1)","decl":{"start":{"line":27,"column":12},"end":{"line":27,"column":13}},"loc":{"start":{"line":27,"column":24},"end":{"line":59,"column":5}},"line":27}},"branchMap":{"0":{"loc":{"start":{"line":24,"column":4},"end":{"line":24,"column":88}},"type":"if","locations":[{"start":{"line":24,"column":4},"end":{"line":24,"column":88}},{"start":{"line":24,"column":4},"end":{"line":24,"column":88}}],"line":24},"1":{"loc":{"start":{"line":25,"column":4},"end":{"line":25,"column":92}},"type":"if","locations":[{"start":{"line":25,"column":4},"end":{"line":25,"column":92}},{"start":{"line":25,"column":4},"end":{"line":25,"column":92}}],"line":25},"2":{"loc":{"start":{"line":30,"column":8},"end":{"line":30,"column":77}},"type":"if","locations":[{"start":{"line":30,"column":8},"end":{"line":30,"column":77}},{"start":{"line":30,"column":8},"end":{"line":30,"column":77}}],"line":30},"3":{"loc":{"start":{"line":34,"column":8},"end":{"line":34,"column":91}},"type":"if","locations":[{"start":{"line":34,"column":8},"end":{"line":34,"column":91}},{"start":{"line":34,"column":8},"end":{"line":34,"column":91}}],"line":34},"4":{"loc":{"start":{"line":43,"column":8},"end":{"line":50,"column":9}},"type":"switch","locations":[{"start":{"line":44,"column":12},"end":{"line":45,"column":17}},{"start":{"line":46,"column":12},"end":{"line":47,"column":17}},{"start":{"line":48,"column":12},"end":{"line":49,"column":17}}],"line":43}},"s":{"0":1,"1":1,"2":1,"3":1,"4":1,"5":1,"6":1,"7":1,"8":1,"9":1,"10":0,"11":1,"12":0,"13":1,"14":1,"15":1,"16":0,"17":1,"18":1,"19":0,"20":1,"21":1,"22":1,"23":1,"24":1,"25":0,"26":0,"27":0,"28":0,"29":1,"30":1,"31":1,"32":1},"f":{"0":1,"1":1},"b":{"0":[0,1],"1":[0,1],"2":[0,1],"3":[0,1],"4":[1,0,0]},"_coverageSchema":"43e27e138ebf9cfc5966b082cf9a028302ed4184","hash":"df961c78adf47cbdab23a665964c639aa1ba3263","contentHash":"30a14bf558fb19463d7c9e15d2082be5923e536bface70581629802857667454"},"/home/noli/bootcamp/collab/skylab-bootcamp-201909/staff/noli-pascual/sky-call/sky-call-api/logic/general-report/index.spec.js":{"path":"/home/noli/bootcamp/collab/skylab-bootcamp-201909/staff/noli-pascual/sky-call/sky-call-api/logic/general-report/index.spec.js","statementMap":{"0":{"start":{"line":1,"column":0},"end":{"line":1,"column":26}},"1":{"start":{"line":2,"column":33},"end":{"line":2,"column":40}},"2":{"start":{"line":3,"column":19},"end":{"line":3,"column":34}},"3":{"start":{"line":4,"column":38},"end":{"line":4,"column":62}},"4":{"start":{"line":5,"column":23},"end":{"line":5,"column":35}},"5":{"start":{"line":6,"column":19},"end":{"line":6,"column":23}},"6":{"start":{"line":7,"column":74},"end":{"line":7,"column":98}},"7":{"start":{"line":9,"column":0},"end":{"line":174,"column":2}},"8":{"start":{"line":10,"column":4},"end":{"line":10,"column":47}},"9":{"start":{"line":10,"column":17},"end":{"line":10,"column":46}},"10":{"start":{"line":18,"column":4},"end":{"line":156,"column":6}},"11":{"start":{"line":21,"column":8},"end":{"line":21,"column":33}},"12":{"start":{"line":22,"column":8},"end":{"line":22,"column":39}},"13":{"start":{"line":23,"column":8},"end":{"line":23,"column":41}},"14":{"start":{"line":24,"column":8},"end":{"line":24,"column":41}},"15":{"start":{"line":25,"column":8},"end":{"line":25,"column":22}},"16":{"start":{"line":28,"column":8},"end":{"line":28,"column":34}},"17":{"start":{"line":29,"column":8},"end":{"line":29,"column":40}},"18":{"start":{"line":30,"column":8},"end":{"line":30,"column":42}},"19":{"start":{"line":31,"column":8},"end":{"line":31,"column":42}},"20":{"start":{"line":32,"column":8},"end":{"line":32,"column":23}},"21":{"start":{"line":35,"column":8},"end":{"line":35,"column":30}},"22":{"start":{"line":39,"column":8},"end":{"line":39,"column":45}},"23":{"start":{"line":40,"column":8},"end":{"line":40,"column":51}},"24":{"start":{"line":41,"column":8},"end":{"line":41,"column":31}},"25":{"start":{"line":42,"column":8},"end":{"line":42,"column":39}},"26":{"start":{"line":43,"column":8},"end":{"line":43,"column":20}},"27":{"start":{"line":44,"column":8},"end":{"line":44,"column":19}},"28":{"start":{"line":47,"column":8},"end":{"line":47,"column":31}},"29":{"start":{"line":48,"column":8},"end":{"line":48,"column":28}},"30":{"start":{"line":49,"column":8},"end":{"line":49,"column":23}},"31":{"start":{"line":51,"column":8},"end":{"line":51,"column":107}},"32":{"start":{"line":55,"column":22},"end":{"line":55,"column":54}},"33":{"start":{"line":56,"column":8},"end":{"line":56,"column":26}},"34":{"start":{"line":59,"column":8},"end":{"line":59,"column":99}},"35":{"start":{"line":61,"column":8},"end":{"line":61,"column":26}},"36":{"start":{"line":62,"column":8},"end":{"line":62,"column":25}},"37":{"start":{"line":65,"column":22},"end":{"line":65,"column":155}},"38":{"start":{"line":66,"column":8},"end":{"line":66,"column":26}},"39":{"start":{"line":69,"column":23},"end":{"line":69,"column":115}},"40":{"start":{"line":71,"column":8},"end":{"line":71,"column":28}},"41":{"start":{"line":78,"column":28},"end":{"line":78,"column":125}},"42":{"start":{"line":79,"column":28},"end":{"line":79,"column":125}},"43":{"start":{"line":80,"column":28},"end":{"line":80,"column":125}},"44":{"start":{"line":81,"column":28},"end":{"line":81,"column":125}},"45":{"start":{"line":82,"column":28},"end":{"line":82,"column":125}},"46":{"start":{"line":83,"column":28},"end":{"line":83,"column":125}},"47":{"start":{"line":85,"column":8},"end":{"line":85,"column":57}},"48":{"start":{"line":86,"column":8},"end":{"line":86,"column":57}},"49":{"start":{"line":87,"column":8},"end":{"line":87,"column":57}},"50":{"start":{"line":88,"column":8},"end":{"line":88,"column":57}},"51":{"start":{"line":89,"column":8},"end":{"line":89,"column":57}},"52":{"start":{"line":90,"column":8},"end":{"line":90,"column":57}},"53":{"start":{"line":91,"column":8},"end":{"line":91,"column":25}},"54":{"start":{"line":93,"column":23},"end":{"line":93,"column":118}},"55":{"start":{"line":94,"column":23},"end":{"line":94,"column":118}},"56":{"start":{"line":95,"column":23},"end":{"line":95,"column":118}},"57":{"start":{"line":96,"column":23},"end":{"line":96,"column":118}},"58":{"start":{"line":97,"column":23},"end":{"line":97,"column":118}},"59":{"start":{"line":98,"column":23},"end":{"line":98,"column":118}},"60":{"start":{"line":100,"column":8},"end":{"line":100,"column":52}},"61":{"start":{"line":101,"column":8},"end":{"line":101,"column":52}},"62":{"start":{"line":102,"column":8},"end":{"line":102,"column":52}},"63":{"start":{"line":103,"column":8},"end":{"line":103,"column":52}},"64":{"start":{"line":104,"column":8},"end":{"line":104,"column":52}},"65":{"start":{"line":105,"column":8},"end":{"line":105,"column":52}},"66":{"start":{"line":107,"column":8},"end":{"line":107,"column":25}},"67":{"start":{"line":111,"column":22},"end":{"line":111,"column":152}},"68":{"start":{"line":113,"column":8},"end":{"line":113,"column":27}},"69":{"start":{"line":116,"column":28},"end":{"line":116,"column":126}},"70":{"start":{"line":117,"column":28},"end":{"line":117,"column":126}},"71":{"start":{"line":118,"column":28},"end":{"line":118,"column":126}},"72":{"start":{"line":119,"column":29},"end":{"line":119,"column":127}},"73":{"start":{"line":120,"column":29},"end":{"line":120,"column":127}},"74":{"start":{"line":121,"column":29},"end":{"line":121,"column":127}},"75":{"start":{"line":123,"column":8},"end":{"line":123,"column":58}},"76":{"start":{"line":124,"column":8},"end":{"line":124,"column":58}},"77":{"start":{"line":125,"column":8},"end":{"line":125,"column":58}},"78":{"start":{"line":126,"column":8},"end":{"line":126,"column":59}},"79":{"start":{"line":127,"column":8},"end":{"line":127,"column":59}},"80":{"start":{"line":128,"column":8},"end":{"line":128,"column":59}},"81":{"start":{"line":129,"column":8},"end":{"line":129,"column":26}},"82":{"start":{"line":132,"column":23},"end":{"line":132,"column":119}},"83":{"start":{"line":133,"column":23},"end":{"line":133,"column":119}},"84":{"start":{"line":134,"column":23},"end":{"line":134,"column":119}},"85":{"start":{"line":135,"column":24},"end":{"line":135,"column":120}},"86":{"start":{"line":136,"column":24},"end":{"line":136,"column":120}},"87":{"start":{"line":137,"column":24},"end":{"line":137,"column":120}},"88":{"start":{"line":139,"column":8},"end":{"line":139,"column":53}},"89":{"start":{"line":140,"column":8},"end":{"line":140,"column":53}},"90":{"start":{"line":141,"column":8},"end":{"line":141,"column":53}},"91":{"start":{"line":142,"column":8},"end":{"line":142,"column":54}},"92":{"start":{"line":143,"column":8},"end":{"line":143,"column":54}},"93":{"start":{"line":144,"column":8},"end":{"line":144,"column":54}},"94":{"start":{"line":146,"column":8},"end":{"line":146,"column":26}},"95":{"start":{"line":148,"column":22},"end":{"line":148,"column":94}},"96":{"start":{"line":149,"column":22},"end":{"line":149,"column":93}},"97":{"start":{"line":151,"column":22},"end":{"line":151,"column":94}},"98":{"start":{"line":152,"column":22},"end":{"line":152,"column":93}},"99":{"start":{"line":154,"column":22},"end":{"line":154,"column":94}},"100":{"start":{"line":155,"column":22},"end":{"line":155,"column":93}},"101":{"start":{"line":158,"column":4},"end":{"line":170,"column":6}},"102":{"start":{"line":160,"column":23},"end":{"line":160,"column":52}},"103":{"start":{"line":161,"column":8},"end":{"line":161,"column":27}},"104":{"start":{"line":163,"column":12},"end":{"line":163,"column":52}},"105":{"start":{"line":164,"column":12},"end":{"line":164,"column":55}},"106":{"start":{"line":165,"column":12},"end":{"line":165,"column":54}},"107":{"start":{"line":166,"column":12},"end":{"line":166,"column":53}},"108":{"start":{"line":167,"column":12},"end":{"line":167,"column":52}},"109":{"start":{"line":168,"column":12},"end":{"line":168,"column":54}},"110":{"start":{"line":169,"column":12},"end":{"line":169,"column":75}},"111":{"start":{"line":173,"column":4},"end":{"line":173,"column":136}},"112":{"start":{"line":173,"column":16},"end":{"line":173,"column":135}}},"fnMap":{"0":{"name":"(anonymous_0)","decl":{"start":{"line":9,"column":35},"end":{"line":9,"column":36}},"loc":{"start":{"line":9,"column":41},"end":{"line":174,"column":1}},"line":9},"1":{"name":"(anonymous_1)","decl":{"start":{"line":10,"column":11},"end":{"line":10,"column":12}},"loc":{"start":{"line":10,"column":17},"end":{"line":10,"column":46}},"line":10},"2":{"name":"(anonymous_2)","decl":{"start":{"line":18,"column":15},"end":{"line":18,"column":16}},"loc":{"start":{"line":18,"column":27},"end":{"line":156,"column":5}},"line":18},"3":{"name":"(anonymous_3)","decl":{"start":{"line":158,"column":44},"end":{"line":158,"column":45}},"loc":{"start":{"line":158,"column":56},"end":{"line":170,"column":5}},"line":158},"4":{"name":"(anonymous_4)","decl":{"start":{"line":173,"column":10},"end":{"line":173,"column":11}},"loc":{"start":{"line":173,"column":16},"end":{"line":173,"column":135}},"line":173}},"branchMap":{},"s":{"0":1,"1":1,"2":1,"3":1,"4":1,"5":1,"6":1,"7":1,"8":1,"9":1,"10":1,"11":1,"12":1,"13":1,"14":1,"15":1,"16":1,"17":1,"18":1,"19":1,"20":1,"21":1,"22":1,"23":1,"24":1,"25":1,"26":1,"27":1,"28":1,"29":1,"30":1,"31":1,"32":1,"33":1,"34":1,"35":1,"36":1,"37":1,"38":1,"39":1,"40":1,"41":1,"42":1,"43":1,"44":1,"45":1,"46":1,"47":1,"48":1,"49":1,"50":1,"51":1,"52":1,"53":1,"54":1,"55":1,"56":1,"57":1,"58":1,"59":1,"60":1,"61":1,"62":1,"63":1,"64":1,"65":1,"66":1,"67":1,"68":1,"69":1,"70":1,"71":1,"72":1,"73":1,"74":1,"75":1,"76":1,"77":1,"78":1,"79":1,"80":1,"81":1,"82":1,"83":1,"84":1,"85":1,"86":1,"87":1,"88":1,"89":1,"90":1,"91":1,"92":1,"93":1,"94":1,"95":1,"96":1,"97":1,"98":1,"99":1,"100":1,"101":1,"102":1,"103":1,"104":1,"105":1,"106":1,"107":1,"108":1,"109":1,"110":1,"111":1,"112":1},"f":{"0":1,"1":1,"2":1,"3":1,"4":1},"b":{},"_coverageSchema":"43e27e138ebf9cfc5966b082cf9a028302ed4184","hash":"bd797d72f6ce109a5fb09c50a028852ec9edc5d1","contentHash":"13d2e34974ea496bc2e6948c7cb0e4eacb9804fbdba4977ed5c3ec97b832e666"},"/home/noli/bootcamp/collab/skylab-bootcamp-201909/staff/noli-pascual/sky-call/sky-call-api/logic/general-report/index.js":{"path":"/home/noli/bootcamp/collab/skylab-bootcamp-201909/staff/noli-pascual/sky-call/sky-call-api/logic/general-report/index.js","statementMap":{"0":{"start":{"line":1,"column":48},"end":{"line":1,"column":72}},"1":{"start":{"line":2,"column":50},"end":{"line":2,"column":74}},"2":{"start":{"line":4,"column":0},"end":{"line":43,"column":1}},"3":{"start":{"line":6,"column":4},"end":{"line":42,"column":8}},"4":{"start":{"line":8,"column":8},"end":{"line":8,"column":32}},"5":{"start":{"line":9,"column":8},"end":{"line":9,"column":51}},"6":{"start":{"line":11,"column":8},"end":{"line":11,"column":94}},"7":{"start":{"line":11,"column":40},"end":{"line":11,"column":94}},"8":{"start":{"line":13,"column":22},"end":{"line":13,"column":44}},"9":{"start":{"line":14,"column":23},"end":{"line":14,"column":49}},"10":{"start":{"line":16,"column":8},"end":{"line":16,"column":85}},"11":{"start":{"line":16,"column":19},"end":{"line":16,"column":85}},"12":{"start":{"line":18,"column":8},"end":{"line":18,"column":85}},"13":{"start":{"line":18,"column":35},"end":{"line":18,"column":85}},"14":{"start":{"line":20,"column":8},"end":{"line":20,"column":87}},"15":{"start":{"line":20,"column":32},"end":{"line":20,"column":87}},"16":{"start":{"line":23,"column":20},"end":{"line":23,"column":47}},"17":{"start":{"line":24,"column":23},"end":{"line":24,"column":67}},"18":{"start":{"line":25,"column":22},"end":{"line":25,"column":68}},"19":{"start":{"line":26,"column":22},"end":{"line":26,"column":64}},"20":{"start":{"line":27,"column":20},"end":{"line":27,"column":62}},"21":{"start":{"line":28,"column":22},"end":{"line":28,"column":64}},"22":{"start":{"line":31,"column":30},"end":{"line":38,"column":9}},"23":{"start":{"line":40,"column":8},"end":{"line":40,"column":28}}},"fnMap":{"0":{"name":"(anonymous_0)","decl":{"start":{"line":4,"column":17},"end":{"line":4,"column":18}},"loc":{"start":{"line":4,"column":36},"end":{"line":43,"column":1}},"line":4},"1":{"name":"(anonymous_1)","decl":{"start":{"line":6,"column":12},"end":{"line":6,"column":13}},"loc":{"start":{"line":6,"column":24},"end":{"line":42,"column":5}},"line":6}},"branchMap":{"0":{"loc":{"start":{"line":11,"column":8},"end":{"line":11,"column":94}},"type":"if","locations":[{"start":{"line":11,"column":8},"end":{"line":11,"column":94}},{"start":{"line":11,"column":8},"end":{"line":11,"column":94}}],"line":11},"1":{"loc":{"start":{"line":16,"column":8},"end":{"line":16,"column":85}},"type":"if","locations":[{"start":{"line":16,"column":8},"end":{"line":16,"column":85}},{"start":{"line":16,"column":8},"end":{"line":16,"column":85}}],"line":16},"2":{"loc":{"start":{"line":18,"column":8},"end":{"line":18,"column":85}},"type":"if","locations":[{"start":{"line":18,"column":8},"end":{"line":18,"column":85}},{"start":{"line":18,"column":8},"end":{"line":18,"column":85}}],"line":18},"3":{"loc":{"start":{"line":20,"column":8},"end":{"line":20,"column":87}},"type":"if","locations":[{"start":{"line":20,"column":8},"end":{"line":20,"column":87}},{"start":{"line":20,"column":8},"end":{"line":20,"column":87}}],"line":20}},"s":{"0":1,"1":1,"2":1,"3":1,"4":1,"5":1,"6":1,"7":0,"8":1,"9":1,"10":1,"11":0,"12":1,"13":0,"14":1,"15":0,"16":1,"17":1,"18":1,"19":1,"20":1,"21":1,"22":1,"23":1},"f":{"0":1,"1":1},"b":{"0":[0,1],"1":[0,1],"2":[0,1],"3":[0,1]},"_coverageSchema":"43e27e138ebf9cfc5966b082cf9a028302ed4184","hash":"cc2cb6f596848d0a59d617cb0564a680fe643174","contentHash":"a69c83c2a458f6773db4130a363ac98e481115d08002a3565728d1b3504a3b06"},"/home/noli/bootcamp/collab/skylab-bootcamp-201909/staff/noli-pascual/sky-call/sky-call-api/logic/list-clients-route/index.spec.js":{"path":"/home/noli/bootcamp/collab/skylab-bootcamp-201909/staff/noli-pascual/sky-call/sky-call-api/logic/list-clients-route/index.spec.js","statementMap":{"0":{"start":{"line":1,"column":0},"end":{"line":1,"column":26}},"1":{"start":{"line":2,"column":33},"end":{"line":2,"column":40}},"2":{"start":{"line":3,"column":19},"end":{"line":3,"column":34}},"3":{"start":{"line":4,"column":37},"end":{"line":4,"column":61}},"4":{"start":{"line":5,"column":25},"end":{"line":5,"column":37}},"5":{"start":{"line":6,"column":19},"end":{"line":6,"column":23}},"6":{"start":{"line":7,"column":64},"end":{"line":7,"column":88}},"7":{"start":{"line":9,"column":0},"end":{"line":111,"column":2}},"8":{"start":{"line":10,"column":4},"end":{"line":10,"column":47}},"9":{"start":{"line":10,"column":17},"end":{"line":10,"column":46}},"10":{"start":{"line":14,"column":4},"end":{"line":69,"column":6}},"11":{"start":{"line":18,"column":8},"end":{"line":18,"column":33}},"12":{"start":{"line":19,"column":8},"end":{"line":19,"column":39}},"13":{"start":{"line":20,"column":8},"end":{"line":20,"column":41}},"14":{"start":{"line":21,"column":8},"end":{"line":21,"column":41}},"15":{"start":{"line":22,"column":8},"end":{"line":22,"column":22}},"16":{"start":{"line":24,"column":8},"end":{"line":24,"column":87}},"17":{"start":{"line":26,"column":21},"end":{"line":26,"column":83}},"18":{"start":{"line":27,"column":8},"end":{"line":27,"column":20}},"19":{"start":{"line":30,"column":8},"end":{"line":30,"column":30}},"20":{"start":{"line":35,"column":31},"end":{"line":35,"column":33}},"21":{"start":{"line":36,"column":8},"end":{"line":50,"column":9}},"22":{"start":{"line":37,"column":27},"end":{"line":46,"column":13}},"23":{"start":{"line":47,"column":12},"end":{"line":47,"column":39}},"24":{"start":{"line":48,"column":12},"end":{"line":48,"column":39}},"25":{"start":{"line":53,"column":24},"end":{"line":53,"column":38}},"26":{"start":{"line":54,"column":24},"end":{"line":63,"column":9}},"27":{"start":{"line":65,"column":31},"end":{"line":65,"column":59}},"28":{"start":{"line":66,"column":8},"end":{"line":66,"column":37}},"29":{"start":{"line":71,"column":4},"end":{"line":93,"column":6}},"30":{"start":{"line":72,"column":24},"end":{"line":72,"column":60}},"31":{"start":{"line":74,"column":8},"end":{"line":74,"column":32}},"32":{"start":{"line":76,"column":28},"end":{"line":76,"column":54}},"33":{"start":{"line":77,"column":8},"end":{"line":77,"column":36}},"34":{"start":{"line":79,"column":27},"end":{"line":79,"column":58}},"35":{"start":{"line":80,"column":8},"end":{"line":80,"column":38}},"36":{"start":{"line":83,"column":8},"end":{"line":92,"column":10}},"37":{"start":{"line":83,"column":35},"end":{"line":83,"column":43}},"38":{"start":{"line":85,"column":12},"end":{"line":85,"column":38}},"39":{"start":{"line":87,"column":12},"end":{"line":87,"column":47}},"40":{"start":{"line":89,"column":12},"end":{"line":89,"column":54}},"41":{"start":{"line":96,"column":4},"end":{"line":108,"column":6}},"42":{"start":{"line":97,"column":32},"end":{"line":97,"column":46}},"43":{"start":{"line":98,"column":8},"end":{"line":106,"column":9}},"44":{"start":{"line":99,"column":12},"end":{"line":99,"column":55}},"45":{"start":{"line":101,"column":12},"end":{"line":101,"column":54}},"46":{"start":{"line":103,"column":12},"end":{"line":103,"column":34}},"47":{"start":{"line":104,"column":12},"end":{"line":104,"column":60}},"48":{"start":{"line":105,"column":12},"end":{"line":105,"column":87}},"49":{"start":{"line":110,"column":4},"end":{"line":110,"column":116}},"50":{"start":{"line":110,"column":16},"end":{"line":110,"column":115}}},"fnMap":{"0":{"name":"(anonymous_0)","decl":{"start":{"line":9,"column":45},"end":{"line":9,"column":46}},"loc":{"start":{"line":9,"column":51},"end":{"line":111,"column":1}},"line":9},"1":{"name":"(anonymous_1)","decl":{"start":{"line":10,"column":11},"end":{"line":10,"column":12}},"loc":{"start":{"line":10,"column":17},"end":{"line":10,"column":46}},"line":10},"2":{"name":"(anonymous_2)","decl":{"start":{"line":14,"column":15},"end":{"line":14,"column":16}},"loc":{"start":{"line":14,"column":27},"end":{"line":69,"column":5}},"line":14},"3":{"name":"(anonymous_3)","decl":{"start":{"line":71,"column":52},"end":{"line":71,"column":53}},"loc":{"start":{"line":71,"column":64},"end":{"line":93,"column":5}},"line":71},"4":{"name":"(anonymous_4)","decl":{"start":{"line":83,"column":24},"end":{"line":83,"column":25}},"loc":{"start":{"line":83,"column":34},"end":{"line":92,"column":9}},"line":83},"5":{"name":"(anonymous_5)","decl":{"start":{"line":96,"column":56},"end":{"line":96,"column":57}},"loc":{"start":{"line":96,"column":68},"end":{"line":108,"column":5}},"line":96},"6":{"name":"(anonymous_6)","decl":{"start":{"line":110,"column":10},"end":{"line":110,"column":11}},"loc":{"start":{"line":110,"column":16},"end":{"line":110,"column":115}},"line":110}},"branchMap":{},"s":{"0":1,"1":1,"2":1,"3":1,"4":1,"5":1,"6":1,"7":1,"8":1,"9":1,"10":1,"11":2,"12":2,"13":2,"14":2,"15":2,"16":2,"17":2,"18":2,"19":2,"20":2,"21":2,"22":10,"23":10,"24":10,"25":2,"26":2,"27":2,"28":2,"29":1,"30":1,"31":1,"32":1,"33":1,"34":1,"35":1,"36":1,"37":5,"38":5,"39":5,"40":5,"41":1,"42":1,"43":1,"44":1,"45":0,"46":1,"47":1,"48":1,"49":1,"50":1},"f":{"0":1,"1":1,"2":2,"3":1,"4":5,"5":1,"6":1},"b":{},"_coverageSchema":"43e27e138ebf9cfc5966b082cf9a028302ed4184","hash":"db81a16708401ae3cd06b8b50d8d068dc08238f4","contentHash":"34f6e3709fc5f02b23d29b77e16b8bc54e3789f245e94889373a682ca7e40d64"},"/home/noli/bootcamp/collab/skylab-bootcamp-201909/staff/noli-pascual/sky-call/sky-call-api/logic/list-clients-route/index.js":{"path":"/home/noli/bootcamp/collab/skylab-bootcamp-201909/staff/noli-pascual/sky-call/sky-call-api/logic/list-clients-route/index.js","statementMap":{"0":{"start":{"line":1,"column":77},"end":{"line":1,"column":101}},"1":{"start":{"line":2,"column":46},"end":{"line":2,"column":70}},"2":{"start":{"line":4,"column":0},"end":{"line":35,"column":1}},"3":{"start":{"line":5,"column":4},"end":{"line":5,"column":27}},"4":{"start":{"line":6,"column":4},"end":{"line":6,"column":45}},"5":{"start":{"line":8,"column":4},"end":{"line":8,"column":29}},"6":{"start":{"line":9,"column":4},"end":{"line":9,"column":49}},"7":{"start":{"line":11,"column":4},"end":{"line":11,"column":88}},"8":{"start":{"line":11,"column":35},"end":{"line":11,"column":88}},"9":{"start":{"line":13,"column":4},"end":{"line":34,"column":8}},"10":{"start":{"line":15,"column":19},"end":{"line":15,"column":46}},"11":{"start":{"line":16,"column":8},"end":{"line":16,"column":83}},"12":{"start":{"line":16,"column":19},"end":{"line":16,"column":83}},"13":{"start":{"line":18,"column":24},"end":{"line":18,"column":53}},"14":{"start":{"line":20,"column":8},"end":{"line":20,"column":94}},"15":{"start":{"line":20,"column":33},"end":{"line":20,"column":94}},"16":{"start":{"line":23,"column":28},"end":{"line":23,"column":30}},"17":{"start":{"line":26,"column":8},"end":{"line":30,"column":10}},"18":{"start":{"line":27,"column":88},"end":{"line":27,"column":94}},"19":{"start":{"line":29,"column":12},"end":{"line":29,"column":96}},"20":{"start":{"line":32,"column":8},"end":{"line":32,"column":26}}},"fnMap":{"0":{"name":"(anonymous_0)","decl":{"start":{"line":4,"column":17},"end":{"line":4,"column":18}},"loc":{"start":{"line":4,"column":45},"end":{"line":35,"column":1}},"line":4},"1":{"name":"(anonymous_1)","decl":{"start":{"line":13,"column":12},"end":{"line":13,"column":13}},"loc":{"start":{"line":13,"column":24},"end":{"line":34,"column":5}},"line":13},"2":{"name":"(anonymous_2)","decl":{"start":{"line":26,"column":24},"end":{"line":26,"column":25}},"loc":{"start":{"line":26,"column":34},"end":{"line":30,"column":9}},"line":26}},"branchMap":{"0":{"loc":{"start":{"line":11,"column":4},"end":{"line":11,"column":88}},"type":"if","locations":[{"start":{"line":11,"column":4},"end":{"line":11,"column":88}},{"start":{"line":11,"column":4},"end":{"line":11,"column":88}}],"line":11},"1":{"loc":{"start":{"line":16,"column":8},"end":{"line":16,"column":83}},"type":"if","locations":[{"start":{"line":16,"column":8},"end":{"line":16,"column":83}},{"start":{"line":16,"column":8},"end":{"line":16,"column":83}}],"line":16},"2":{"loc":{"start":{"line":20,"column":8},"end":{"line":20,"column":94}},"type":"if","locations":[{"start":{"line":20,"column":8},"end":{"line":20,"column":94}},{"start":{"line":20,"column":8},"end":{"line":20,"column":94}}],"line":20}},"s":{"0":1,"1":1,"2":1,"3":2,"4":2,"5":2,"6":2,"7":2,"8":0,"9":2,"10":2,"11":2,"12":0,"13":2,"14":2,"15":1,"16":1,"17":1,"18":5,"19":5,"20":1},"f":{"0":2,"1":2,"2":5},"b":{"0":[0,2],"1":[0,2],"2":[1,1]},"_coverageSchema":"43e27e138ebf9cfc5966b082cf9a028302ed4184","hash":"8219d1a7ee25fd578cb6e98e800694be20746f47","contentHash":"4d6cdc0ecfce5de8a37643a289196dfb7da31d76c5735dc4bbeba41254538657"},"/home/noli/bootcamp/collab/skylab-bootcamp-201909/staff/noli-pascual/sky-call/sky-call-api/logic/register-user/index.spec.js":{"path":"/home/noli/bootcamp/collab/skylab-bootcamp-201909/staff/noli-pascual/sky-call/sky-call-api/logic/register-user/index.spec.js","statementMap":{"0":{"start":{"line":1,"column":0},"end":{"line":1,"column":26}},"1":{"start":{"line":2,"column":33},"end":{"line":2,"column":40}},"2":{"start":{"line":3,"column":19},"end":{"line":3,"column":34}},"3":{"start":{"line":4,"column":21},"end":{"line":4,"column":33}},"4":{"start":{"line":5,"column":19},"end":{"line":5,"column":23}},"5":{"start":{"line":6,"column":37},"end":{"line":6,"column":61}},"6":{"start":{"line":7,"column":46},"end":{"line":7,"column":70}},"7":{"start":{"line":9,"column":0},"end":{"line":106,"column":2}},"8":{"start":{"line":10,"column":4},"end":{"line":10,"column":47}},"9":{"start":{"line":10,"column":17},"end":{"line":10,"column":46}},"10":{"start":{"line":14,"column":4},"end":{"line":23,"column":6}},"11":{"start":{"line":15,"column":8},"end":{"line":15,"column":33}},"12":{"start":{"line":16,"column":8},"end":{"line":16,"column":39}},"13":{"start":{"line":17,"column":8},"end":{"line":17,"column":44}},"14":{"start":{"line":18,"column":8},"end":{"line":18,"column":41}},"15":{"start":{"line":19,"column":8},"end":{"line":19,"column":41}},"16":{"start":{"line":20,"column":8},"end":{"line":20,"column":22}},"17":{"start":{"line":22,"column":8},"end":{"line":22,"column":32}},"18":{"start":{"line":25,"column":4},"end":{"line":40,"column":6}},"19":{"start":{"line":26,"column":25},"end":{"line":26,"column":84}},"20":{"start":{"line":28,"column":8},"end":{"line":28,"column":40}},"21":{"start":{"line":30,"column":21},"end":{"line":30,"column":53}},"22":{"start":{"line":32,"column":8},"end":{"line":32,"column":29}},"23":{"start":{"line":34,"column":8},"end":{"line":34,"column":40}},"24":{"start":{"line":35,"column":8},"end":{"line":35,"column":46}},"25":{"start":{"line":37,"column":8},"end":{"line":37,"column":48}},"26":{"start":{"line":38,"column":8},"end":{"line":38,"column":48}},"27":{"start":{"line":39,"column":8},"end":{"line":39,"column":40}},"28":{"start":{"line":42,"column":4},"end":{"line":59,"column":6}},"2
[...]
"line":69,"column":134}},"line":69}},"branchMap":{},"s":{"0":1,"1":1,"2":1,"3":1,"4":1,"5":1,"6":1,"7":1,"8":1,"9":1,"10":1,"11":1,"12":1,"13":1,"14":1,"15":1,"16":1,"17":1,"18":1,"19":1,"20":1,"21":1,"22":1,"23":1,"24":1,"25":1,"26":1,"27":1,"28":1,"29":1,"30":1,"31":1,"32":1,"33":1,"34":1,"35":1,"36":1,"37":1,"38":1,"39":1},"f":{"0":1,"1":1,"2":1,"3":1,"4":1},"b":{},"_coverageSchema":"43e27e138ebf9cfc5966b082cf9a028302ed4184","hash":"ad3c6fcd9601c81e0e1ae3e0ee56a6cc5100a71e","contentHash":"777968a86187f319de97ed1e134dcfe8ceebd146cae105e8f2863ebcdf8ea10c"},"/home/noli/bootcamp/collab/skylab-bootcamp-201909/staff/noli-pascual/sky-call/sky-call-api/logic/stop-call/index.js":{"path":"/home/noli/bootcamp/collab/skylab-bootcamp-201909/staff/noli-pascual/sky-call/sky-call-api/logic/stop-call/index.js","statementMap":{"0":{"start":{"line":1,"column":48},"end":{"line":1,"column":72}},"1":{"start":{"line":2,"column":43},"end":{"line":2,"column":67}},"2":{"start":{"line":4,"column":0},"end":{"line":52,"column":1}},"3":{"start":{"line":6,"column":4},"end":{"line":6,"column":27}},"4":{"start":{"line":7,"column":4},"end":{"line":7,"column":45}},"5":{"start":{"line":8,"column":4},"end":{"line":8,"column":29}},"6":{"start":{"line":9,"column":4},"end":{"line":9,"column":49}},"7":{"start":{"line":10,"column":4},"end":{"line":10,"column":27}},"8":{"start":{"line":11,"column":4},"end":{"line":11,"column":47}},"9":{"start":{"line":12,"column":4},"end":{"line":12,"column":31}},"10":{"start":{"line":13,"column":4},"end":{"line":13,"column":53}},"11":{"start":{"line":16,"column":4},"end":{"line":51,"column":8}},"12":{"start":{"line":18,"column":19},"end":{"line":18,"column":46}},"13":{"start":{"line":20,"column":8},"end":{"line":20,"column":83}},"14":{"start":{"line":20,"column":19},"end":{"line":20,"column":83}},"15":{"start":{"line":22,"column":21},"end":{"line":22,"column":52}},"16":{"start":{"line":23,"column":8},"end":{"line":23,"column":89}},"17":{"start":{"line":23,"column":21},"end":{"line":23,"column":89}},"18":{"start":{"line":26,"column":19},"end":{"line":26,"column":46}},"19":{"start":{"line":27,"column":8},"end":{"line":27,"column":83}},"20":{"start":{"line":27,"column":19},"end":{"line":27,"column":83}},"21":{"start":{"line":29,"column":29},"end":{"line":29,"column":70}},"22":{"start":{"line":30,"column":27},"end":{"line":30,"column":37}},"23":{"start":{"line":31,"column":20},"end":{"line":31,"column":59}},"24":{"start":{"line":33,"column":27},"end":{"line":33,"column":45}},"25":{"start":{"line":36,"column":8},"end":{"line":36,"column":28}},"26":{"start":{"line":37,"column":8},"end":{"line":37,"column":34}},"27":{"start":{"line":38,"column":8},"end":{"line":38,"column":36}},"28":{"start":{"line":40,"column":19},"end":{"line":40,"column":41}},"29":{"start":{"line":41,"column":22},"end":{"line":41,"column":49}},"30":{"start":{"line":42,"column":19},"end":{"line":42,"column":28}},"31":{"start":{"line":43,"column":22},"end":{"line":43,"column":47}},"32":{"start":{"line":45,"column":8},"end":{"line":45,"column":59}},"33":{"start":{"line":49,"column":8},"end":{"line":49,"column":25}}},"fnMap":{"0":{"name":"(anonymous_0)","decl":{"start":{"line":4,"column":17},"end":{"line":4,"column":18}},"loc":{"start":{"line":4,"column":65},"end":{"line":52,"column":1}},"line":4},"1":{"name":"(anonymous_1)","decl":{"start":{"line":16,"column":12},"end":{"line":16,"column":13}},"loc":{"start":{"line":16,"column":24},"end":{"line":51,"column":5}},"line":16}},"branchMap":{"0":{"loc":{"start":{"line":20,"column":8},"end":{"line":20,"column":83}},"type":"if","locations":[{"start":{"line":20,"column":8},"end":{"line":20,"column":83}},{"start":{"line":20,"column":8},"end":{"line":20,"column":83}}],"line":20},"1":{"loc":{"start":{"line":23,"column":8},"end":{"line":23,"column":89}},"type":"if","locations":[{"start":{"line":23,"column":8},"end":{"line":23,"column":89}},{"start":{"line":23,"column":8},"end":{"line":23,"column":89}}],"line":23},"2":{"loc":{"start":{"line":27,"column":8},"end":{"line":27,"column":83}},"type":"if","locations":[{"start":{"line":27,"column":8},"end":{"line":27,"column":83}},{"start":{"line":27,"column":8},"end":{"line":27,"column":83}}],"line":27}},"s":{"0":1,"1":1,"2":1,"3":1,"4":1,"5":1,"6":1,"7":1,"8":1,"9":1,"10":1,"11":1,"12":1,"13":1,"14":0,"15":1,"16":1,"17":0,"18":1,"19":1,"20":0,"21":1,"22":1,"23":1,"24":1,"25":1,"26":1,"27":1,"28":1,"29":1,"30":1,"31":1,"32":1,"33":1},"f":{"0":1,"1":1},"b":{"0":[0,1],"1":[0,1],"2":[0,1]},"_coverageSchema":"43e27e138ebf9cfc5966b082cf9a028302ed4184","hash":"3ec9595eebe338c62edfc4d1ce21fabfd48bafa1","contentHash":"81a10cc3a56cc619f7b539bf8e548ab0767f069d1c9a12c3e4e3983bbd00d134"},"/home/noli/bootcamp/collab/skylab-bootcamp-201909/staff/noli-pascual/sky-call/sky-call-api/logic/update-client/index.spec.js":{"path":"/home/noli/bootcamp/collab/skylab-bootcamp-201909/staff/noli-pascual/sky-call/sky-call-api/logic/update-client/index.spec.js","statementMap":{"0":{"start":{"line":1,"column":0},"end":{"line":1,"column":26}},"1":{"start":{"line":2,"column":33},"end":{"line":2,"column":40}},"2":{"start":{"line":3,"column":19},"end":{"line":3,"column":34}},"3":{"start":{"line":4,"column":19},"end":{"line":4,"column":23}},"4":{"start":{"line":5,"column":21},"end":{"line":5,"column":33}},"5":{"start":{"line":6,"column":38},"end":{"line":6,"column":62}},"6":{"start":{"line":7,"column":57},"end":{"line":7,"column":81}},"7":{"start":{"line":9,"column":0},"end":{"line":116,"column":2}},"8":{"start":{"line":10,"column":4},"end":{"line":10,"column":47}},"9":{"start":{"line":10,"column":17},"end":{"line":10,"column":46}},"10":{"start":{"line":15,"column":4},"end":{"line":47,"column":6}},"11":{"start":{"line":18,"column":8},"end":{"line":18,"column":33}},"12":{"start":{"line":19,"column":8},"end":{"line":19,"column":39}},"13":{"start":{"line":20,"column":8},"end":{"line":20,"column":41}},"14":{"start":{"line":21,"column":8},"end":{"line":21,"column":41}},"15":{"start":{"line":22,"column":8},"end":{"line":22,"column":22}},"16":{"start":{"line":25,"column":8},"end":{"line":25,"column":30}},"17":{"start":{"line":29,"column":8},"end":{"line":29,"column":45}},"18":{"start":{"line":30,"column":8},"end":{"line":30,"column":51}},"19":{"start":{"line":31,"column":8},"end":{"line":31,"column":31}},"20":{"start":{"line":33,"column":8},"end":{"line":33,"column":39}},"21":{"start":{"line":34,"column":8},"end":{"line":34,"column":20}},"22":{"start":{"line":35,"column":8},"end":{"line":35,"column":19}},"23":{"start":{"line":38,"column":8},"end":{"line":38,"column":67}},"24":{"start":{"line":41,"column":21},"end":{"line":41,"column":83}},"25":{"start":{"line":42,"column":8},"end":{"line":42,"column":20}},"26":{"start":{"line":44,"column":23},"end":{"line":44,"column":110}},"27":{"start":{"line":45,"column":8},"end":{"line":45,"column":28}},"28":{"start":{"line":49,"column":4},"end":{"line":70,"column":6}},"29":{"start":{"line":52,"column":29},"end":{"line":52,"column":39}},"30":{"start":{"line":53,"column":32},"end":{"line":53,"column":45}},"31":{"start":{"line":54,"column":22},"end":{"line":54,"column":31}},"32":{"start":{"line":55,"column":27},"end":{"line":55,"column":37}},"33":{"start":{"line":56,"column":26},"end":{"line":56,"column":39}},"34":{"start":{"line":59,"column":28},"end":{"line":59,"column":126}},"35":{"start":{"line":61,"column":8},"end":{"line":61,"column":40}},"36":{"start":{"line":63,"column":26},"end":{"line":63,"column":57}},"37":{"start":{"line":64,"column":8},"end":{"line":64,"column":60}},"38":{"start":{"line":65,"column":8},"end":{"line":65,"column":66}},"39":{"start":{"line":66,"column":8},"end":{"line":66,"column":46}},"40":{"start":{"line":67,"column":8},"end":{"line":67,"column":67}},"41":{"start":{"line":68,"column":8},"end":{"line":68,"column":54}},"42":{"start":{"line":71,"column":4},"end":{"line":91,"column":6}},"43":{"start":{"line":74,"column":29},"end":{"line":74,"column":39}},"44":{"start":{"line":75,"column":32},"end":{"line":75,"column":45}},"45":{"start":{"line":76,"column":22},"end":{"line":76,"column":31}},"46":{"start":{"line":77,"column":27},"end":{"line":77,"column":37}},"47":{"start":{"line":78,"column":26},"end":{"line":78,"column":39}},"48":{"start":{"line":79,"column":20},"end":{"line":79,"column":34}},"49":{"start":{"line":81,"column":8},"end":{"line":90,"column":9}},"50":{"start":{"line":82,"column":12},"end":{"line":82,"column":111}},"51":{"start":{"line":84,"column":12},"end":{"line":84,"column":54}},"52":{"start":{"line":87,"column":12},"end":{"line":87,"column":34}},"53":{"start":{"line":88,"column":12},"end":{"line":88,"column":60}},"54":{"start":{"line":89,"column":12},"end":{"line":89,"column":75}},"55":{"start":{"line":92,"column":4},"end":{"line":112,"column":6}},"56":{"start":{"line":95,"column":29},"end":{"line":95,"column":39}},"57":{"start":{"line":96,"column":32},"end":{"line":96,"column":45}},"58":{"start":{"line":97,"column":22},"end":{"line":97,"column":31}},"59":{"start":{"line":98,"column":27},"end":{"line":98,"column":37}},"60":{"start":{"line":99,"column":26},"end":{"line":99,"column":39}},"61":{"start":{"line":100,"column":30},"end":{"line":100,"column":44}},"62":{"start":{"line":102,"column":8},"end":{"line":111,"column":9}},"63":{"start":{"line":103,"column":12},"end":{"line":103,"column":115}},"64":{"start":{"line":105,"column":12},"end":{"line":105,"column":54}},"65":{"start":{"line":108,"column":12},"end":{"line":108,"column":34}},"66":{"start":{"line":109,"column":12},"end":{"line":109,"column":60}},"67":{"start":{"line":110,"column":12},"end":{"line":110,"column":87}},"68":{"start":{"line":115,"column":4},"end":{"line":115,"column":96}},"69":{"start":{"line":115,"column":16},"end":{"line":115,"column":95}}},"fnMap":{"0":{"name":"(anonymous_0)","decl":{"start":{"line":9,"column":34},"end":{"line":9,"column":35}},"loc":{"start":{"line":9,"column":40},"end":{"line":116,"column":1}},"line":9},"1":{"name":"(anonymous_1)","decl":{"start":{"line":10,"column":11},"end":{"line":10,"column":12}},"loc":{"start":{"line":10,"column":17},"end":{"line":10,"column":46}},"line":10},"2":{"name":"(anonymous_2)","decl":{"start":{"line":15,"column":15},"end":{"line":15,"column":16}},"loc":{"start":{"line":15,"column":27},"end":{"line":47,"column":5}},"line":15},"3":{"name":"(anonymous_3)","decl":{"start":{"line":49,"column":46},"end":{"line":49,"column":47}},"loc":{"start":{"line":49,"column":58},"end":{"line":70,"column":5}},"line":49},"4":{"name":"(anonymous_4)","decl":{"start":{"line":71,"column":39},"end":{"line":71,"column":40}},"loc":{"start":{"line":71,"column":51},"end":{"line":91,"column":5}},"line":71},"5":{"name":"(anonymous_5)","decl":{"start":{"line":92,"column":41},"end":{"line":92,"column":42}},"loc":{"start":{"line":92,"column":53},"end":{"line":112,"column":5}},"line":92},"6":{"name":"(anonymous_6)","decl":{"start":{"line":115,"column":10},"end":{"line":115,"column":11}},"loc":{"start":{"line":115,"column":16},"end":{"line":115,"column":95}},"line":115}},"branchMap":{},"s":{"0":1,"1":1,"2":1,"3":1,"4":1,"5":1,"6":1,"7":1,"8":1,"9":1,"10":1,"11":3,"12":3,"13":3,"14":3,"15":3,"16":3,"17":3,"18":3,"19":3,"20":3,"21":3,"22":3,"23":3,"24":3,"25":3,"26":3,"27":3,"28":1,"29":1,"30":1,"31":1,"32":1,"33":1,"34":1,"35":1,"36":1,"37":1,"38":1,"39":1,"40":1,"41":1,"42":1,"43":1,"44":1,"45":1,"46":1,"47":1,"48":1,"49":1,"50":1,"51":0,"52":1,"53":1,"54":1,"55":1,"56":1,"57":1,"58":1,"59":1,"60":1,"61":1,"62":1,"63":1,"64":0,"65":1,"66":1,"67":1,"68":1,"69":1},"f":{"0":1,"1":1,"2":3,"3":1,"4":1,"5":1,"6":1},"b":{},"_coverageSchema":"43e27e138ebf9cfc5966b082cf9a028302ed4184","hash":"544b51f3f0312b6fa749f6b32c80f51e4b53192d","contentHash":"0c23569cc489e598e5f4b3aadeeca9ec55b4f7d4c8e053d52018c3c07556c407"},"/home/noli/bootcamp/collab/skylab-bootcamp-201909/staff/noli-pascual/sky-call/sky-call-api/logic/update-client/index.js":{"path":"/home/noli/bootcamp/collab/skylab-bootcamp-201909/staff/noli-pascual/sky-call/sky-call-api/logic/update-client/index.js","statementMap":{"0":{"start":{"line":1,"column":62},"end":{"line":1,"column":86}},"1":{"start":{"line":2,"column":47},"end":{"line":2,"column":71}},"2":{"start":{"line":14,"column":0},"end":{"line":82,"column":1}},"3":{"start":{"line":16,"column":4},"end":{"line":16,"column":27}},"4":{"start":{"line":17,"column":4},"end":{"line":17,"column":47}},"5":{"start":{"line":19,"column":4},"end":{"line":19,"column":89}},"6":{"start":{"line":19,"column":35},"end":{"line":19,"column":89}},"7":{"start":{"line":21,"column":4},"end":{"line":21,"column":29}},"8":{"start":{"line":22,"column":4},"end":{"line":22,"column":49}},"9":{"start":{"line":24,"column":4},"end":{"line":24,"column":92}},"10":{"start":{"line":24,"column":37},"end":{"line":24,"column":92}},"11":{"start":{"line":27,"column":4},"end":{"line":30,"column":5}},"12":{"start":{"line":28,"column":8},"end":{"line":28,"column":35}},"13":{"start":{"line":29,"column":8},"end":{"line":29,"column":57}},"14":{"start":{"line":32,"column":4},"end":{"line":35,"column":5}},"15":{"start":{"line":33,"column":8},"end":{"line":33,"column":38}},"16":{"start":{"line":34,"column":8},"end":{"line":34,"column":63}},"17":{"start":{"line":37,"column":4},"end":{"line":40,"column":5}},"18":{"start":{"line":38,"column":8},"end":{"line":38,"column":28}},"19":{"start":{"line":39,"column":8},"end":{"line":39,"column":43}},"20":{"start":{"line":42,"column":4},"end":{"line":45,"column":5}},"21":{"start":{"line":43,"column":8},"end":{"line":43,"column":33}},"22":{"start":{"line":44,"column":8},"end":{"line":44,"column":53}},"23":{"start":{"line":47,"column":4},"end":{"line":50,"column":5}},"24":{"start":{"line":48,"column":8},"end":{"line":48,"column":32}},"25":{"start":{"line":49,"column":8},"end":{"line":49,"column":51}},"26":{"start":{"line":52,"column":4},"end":{"line":81,"column":8}},"27":{"start":{"line":53,"column":21},"end":{"line":53,"column":48}},"28":{"start":{"line":55,"column":8},"end":{"line":55,"column":78}},"29":{"start":{"line":55,"column":19},"end":{"line":55,"column":78}},"30":{"start":{"line":57,"column":23},"end":{"line":57,"column":54}},"31":{"start":{"line":59,"column":8},"end":{"line":59,"column":84}},"32":{"start":{"line":59,"column":21},"end":{"line":59,"column":84}},"33":{"start":{"line":61,"column":30},"end":{"line":61,"column":32}},"34":{"start":{"line":71,"column":8},"end":{"line":71,"column":61}},"35":{"start":{"line":72,"column":8},"end":{"line":72,"column":70}},"36":{"start":{"line":73,"column":8},"end":{"line":73,"column":40}},"37":{"start":{"line":74,"column":8},"end":{"line":74,"column":52}},"38":{"start":{"line":75,"column":8},"end":{"line":75,"column":55}},"39":{"start":{"line":76,"column":8},"end":{"line":76,"column":52}},"40":{"start":{"line":78,"column":8},"end":{"line":78,"column":80}}},"fnMap":{"0":{"name":"(anonymous_0)","decl":{"start":{"line":14,"column":17},"end":{"line":14,"column":18}},"loc":{"start":{"line":14,"column":96},"end":{"line":82,"column":1}},"line":14},"1":{"name":"(anonymous_1)","decl":{"start":{"line":52,"column":12},"end":{"line":52,"column":13}},"loc":{"start":{"line":52,"column":24},"end":{"line":81,"column":5}},"line":52}},"branchMap":{"0":{"loc":{"start":{"line":19,"column":4},"end":{"line":19,"column":89}},"type":"if","locations":[{"start":{"line":19,"column":4},"end":{"line":19,"column":89}},{"start":{"line":19,"column":4},"end":{"line":19,"column":89}}],"line":19},"1":{"loc":{"start":{"line":24,"column":4},"end":{"line":24,"column":92}},"type":"if","locations":[{"start":{"line":24,"column":4},"end":{"line":24,"column":92}},{"start":{"line":24,"column":4},"end":{"line":24,"column":92}}],"line":24},"2":{"loc":{"start":{"line":27,"column":4},"end":{"line":30,"column":5}},"type":"if","locations":[{"start":{"line":27,"column":4},"end":{"line":30,"column":5}},{"start":{"line":27,"column":4},"end":{"line":30,"column":5}}],"line":27},"3":{"loc":{"start":{"line":32,"column":4},"end":{"line":35,"column":5}},"type":"if","locations":[{"start":{"line":32,"column":4},"end":{"line":35,"column":5}},{"start":{"line":32,"column":4},"end":{"line":35,"column":5}}],"line":32},"4":{"loc":{"start":{"line":37,"column":4},"end":{"line":40,"column":5}},"type":"if","locations":[{"start":{"line":37,"column":4},"end":{"line":40,"column":5}},{"start":{"line":37,"column":4},"end":{"line":40,"column":5}}],"line":37},"5":{"loc":{"start":{"line":42,"column":4},"end":{"line":45,"column":5}},"type":"if","locations":[{"start":{"line":42,"column":4},"end":{"line":45,"column":5}},{"start":{"line":42,"column":4},"end":{"line":45,"column":5}}],"line":42},"6":{"loc":{"start":{"line":47,"column":4},"end":{"line":50,"column":5}},"type":"if","locations":[{"start":{"line":47,"column":4},"end":{"line":50,"column":5}},{"start":{"line":47,"column":4},"end":{"line":50,"column":5}}],"line":47},"7":{"loc":{"start":{"line":55,"column":8},"end":{"line":55,"column":78}},"type":"if","locations":[{"start":{"line":55,"column":8},"end":{"line":55,"column":78}},{"start":{"line":55,"column":8},"end":{"line":55,"column":78}}],"line":55},"8":{"loc":{"start":{"line":59,"column":8},"end":{"line":59,"column":84}},"type":"if","locations":[{"start":{"line":59,"column":8},"end":{"line":59,"column":84}},{"start":{"line":59,"column":8},"end":{"line":59,"column":84}}],"line":59},"9":{"loc":{"start":{"line":71,"column":8},"end":{"line":71,"column":61}},"type":"binary-expr","locations":[{"start":{"line":71,"column":8},"end":{"line":71,"column":18}},{"start":{"line":71,"column":23},"end":{"line":71,"column":60}}],"line":71},"10":{"loc":{"start":{"line":72,"column":8},"end":{"line":72,"column":70}},"type":"binary-expr","locations":[{"start":{"line":72,"column":8},"end":{"line":72,"column":21}},{"start":{"line":72,"column":26},"end":{"line":72,"column":69}}],"line":72},"11":{"loc":{"start":{"line":73,"column":8},"end":{"line":73,"column":40}},"type":"binary-expr","locations":[{"start":{"line":73,"column":8},"end":{"line":73,"column":11}},{"start":{"line":73,"column":16},"end":{"line":73,"column":39}}],"line":73},"12":{"loc":{"start":{"line":74,"column":8},"end":{"line":74,"column":52}},"type":"binary-expr","locations":[{"start":{"line":74,"column":8},"end":{"line":74,"column":15}},{"start":{"line":74,"column":20},"end":{"line":74,"column":51}}],"line":74},"13":{"loc":{"start":{"line":75,"column":8},"end":{"line":75,"column":55}},"type":"binary-expr","locations":[{"start":{"line":75,"column":8},"end":{"line":75,"column":16}},{"start":{"line":75,"column":21},"end":{"line":75,"column":54}}],"line":75},"14":{"loc":{"start":{"line":76,"column":8},"end":{"line":76,"column":52}},"type":"binary-expr","locations":[{"start":{"line":76,"column":8},"end":{"line":76,"column":15}},{"start":{"line":76,"column":20},"end":{"line":76,"column":51}}],"line":76}},"s":{"0":1,"1":1,"2":1,"3":3,"4":3,"5":3,"6":0,"7":3,"8":3,"9":3,"10":0,"11":3,"12":3,"13":3,"14":3,"15":3,"16":3,"17":3,"18":3,"19":3,"20":3,"21":3,"22":3,"23":3,"24":3,"25":3,"26":3,"27":3,"28":3,"29":1,"30":2,"31":2,"32":1,"33":1,"34":1,"35":1,"36":1,"37":1,"38":1,"39":1,"40":1},"f":{"0":3,"1":3},"b":{"0":[0,3],"1":[0,3],"2":[3,0],"3":[3,0],"4":[3,0],"5":[3,0],"6":[3,0],"7":[1,2],"8":[1,1],"9":[1,1],"10":[1,1],"11":[1,1],"12":[1,1],"13":[1,1],"14":[1,1]},"_coverageSchema":"43e27e138ebf9cfc5966b082cf9a028302ed4184","hash":"b82decebf5d21de07e5afc67402e563aedc76bef","contentHash":"3e0e8684a64488c5fcbf6cf5ebe7ab49c707ff502c731755ac5478078ba1e2d1"},"/home/noli/bootcamp/collab/skylab-bootcamp-201909/staff/noli-pascual/sky-call/sky-call-api/logic/upload-image-user/index.spec.js":{"path":"/home/noli/bootcamp/collab/skylab-bootcamp-201909/staff/noli-pascual/sky-call/sky-call-api/logic/upload-image-user/index.spec.js","statementMap":{},"fnMap":{},"branchMap":{},"s":{},"f":{},"b":{},"_coverageSchema":"43e27e138ebf9cfc5966b082cf9a028302ed4184","hash":"add74fbef869e15570e1a5f19cf422bf8a7b52f4","contentHash":"95c3fc967c770f34304595a528f8368573cea6e76efd16b6cc38fc55b78e5297"}}